#
# There is insufficient memory for the Java Runtime Environment to continue.
# Native memory allocation (mmap) failed to map 710934528 bytes for Failed to commit area from 0x0000000096200000 to 0x00000000c0800000 of length 710934528.
# Possible reasons:
#   The system is out of physical RAM or swap space
#   The process is running with CompressedOops enabled, and the Java Heap may be blocking the growth of the native heap
# Possible solutions:
#   Reduce memory load on the system
#   Increase physical memory or swap space
#   Check if swap backing store is full
#   Decrease Java heap size (-Xmx/-Xms)
#   Decrease number of Java threads
#   Decrease Java thread stack sizes (-Xss)
#   Set larger code cache with -XX:ReservedCodeCacheSize=
#   JVM is running with Unscaled Compressed Oops mode in which the Java heap is
#     placed in the first 4GB address space. The Java Heap base address is the
#     maximum limit for the native heap growth. Please use -XX:HeapBaseMinAddress
#     to set the Java Heap base and to place the Java Heap above 4GB virtual address.
# This output file may be truncated or incomplete.
#
#  Out of Memory Error (./src/hotspot/os/windows/os_windows.cpp:3521), pid=5812, tid=2000
#
# JRE version: OpenJDK Runtime Environment (11.0.12+7) (build 11.0.12+7-b1504.28-7817840)
# Java VM: OpenJDK 64-Bit Server VM (11.0.12+7-b1504.28-7817840, mixed mode, tiered, compressed oops, g1 gc, windows-amd64)
# No core dump will be written. Minidumps are not enabled by default on client versions of Windows
#

---------------  S U M M A R Y ------------

Command Line: --add-opens=java.base/java.util=ALL-UNNAMED --add-opens=java.base/java.lang=ALL-UNNAMED --add-opens=java.base/java.lang.invoke=ALL-UNNAMED --add-opens=java.base/java.util=ALL-UNNAMED --add-opens=java.prefs/java.util.prefs=ALL-UNNAMED --add-opens=java.prefs/java.util.prefs=ALL-UNNAMED --add-opens=java.base/java.nio.charset=ALL-UNNAMED --add-opens=java.base/java.net=ALL-UNNAMED --add-opens=java.base/java.util.concurrent.atomic=ALL-UNNAMED -Xmx2048m -Dfile.encoding=UTF-8 -Duser.country=RU -Duser.language=ru -Duser.variant org.gradle.launcher.daemon.bootstrap.GradleDaemon 7.3.3

Host: Intel(R) Core(TM) i3-3110M CPU @ 2.40GHz, 4 cores, 3G,  Windows 8.1 , 64 bit Build 9600 (6.3.9600.20389)
Time: Fri Sep  2 17:15:43 2022 Oaio?aeuiiaa?iiaeneee (eaoi) elapsed time: 1112.710409 seconds (0d 0h 18m 32s)

---------------  T H R E A D  ---------------

Current thread (0x00000018fcf93000):  VMThread "VM Thread" [stack: 0x00000018fd9e0000,0x00000018fdae0000] [id=2000]

Stack: [0x00000018fd9e0000,0x00000018fdae0000]
[error occurred during error reporting (printing stack bounds), id 0xc0000005, EXCEPTION_ACCESS_VIOLATION (0xc0000005) at pc=0x000000188000112d]

Native frames: (J=compiled Java code, j=interpreted, Vv=VM code, C=native code)
V  [jvm.dll+0x5fbcea]
V  [jvm.dll+0x731905]
V  [jvm.dll+0x732f1d]
V  [jvm.dll+0x733535]
V  [jvm.dll+0x7334eb]
V  [jvm.dll+0x5fb080]
V  [jvm.dll+0x5fb818]
C  [ntdll.dll+0x92f3d]
C  [ntdll.dll+0x54557]
C  [ntdll.dll+0x920ca]
C  0x000000188000112d

VM_Operation (0x000000189d7bb7d0): G1CollectForAllocation, mode: safepoint, requested by thread 0x000000189c43f000


---------------  P R O C E S S  ---------------

Threads class SMR info:
_java_thread_list=0x000000188f00d6f0, length=82, elements={
0x00000018f20ca800, 0x00000018fcf9e000, 0x00000018fcfa0000, 0x00000018fcfb9800,
0x00000018fcfba800, 0x00000018fcfbd000, 0x00000018fcfc2000, 0x00000018fcfc8000,
0x00000018fcfc9800, 0x00000018fdf44000, 0x0000001890e9e800, 0x000000188f8a0000,
0x000000188faf0800, 0x000000188f830000, 0x0000001890aa9800, 0x000000188f5cc000,
0x000000188fcef000, 0x00000018908b3800, 0x00000018feac2000, 0x00000018feac2800,
0x00000018feac3800, 0x00000018feac1000, 0x00000018feac5000, 0x00000018feac4800,
0x00000018feac6000, 0x00000018feac7000, 0x000000189115a800, 0x000000189115d800,
0x000000189115b000, 0x0000001891160000, 0x000000189115e800, 0x0000001891161800,
0x0000001891162800, 0x0000001891165800, 0x0000001891165000, 0x0000001891163800,
0x0000001891164000, 0x0000001891167800, 0x0000001891168000, 0x0000001891169000,
0x0000001891166800, 0x000000189076f800, 0x0000001890770000, 0x0000001890771800,
0x0000001890771000, 0x0000001890774000, 0x0000001890775000, 0x0000001890772800,
0x0000001890776000, 0x0000001890773800, 0x0000001890779000, 0x0000001890778800,
0x0000001890776800, 0x000000189077a000, 0x0000001890777800, 0x000000189077c800,
0x000000189077a800, 0x000000189077b800, 0x000000189077d000, 0x000000189077e000,
0x0000001890719800, 0x000000189071a800, 0x0000001890719000, 0x0000001890718000,
0x000000189071b800, 0x000000189071e800, 0x000000189071c000, 0x000000189071d800,
0x000000189071f800, 0x000000189071d000, 0x0000001890721000, 0x0000001890722000,
0x0000001890722800, 0x0000001890720000, 0x0000001890724800, 0x0000001890723800,
0x0000001890726800, 0x00000018feac0800, 0x000000189c43f000, 0x000000189c440000,
0x000000189cbda800, 0x000000189cbd9000
}

Java Threads: ( => current thread )
  0x00000018f20ca800 JavaThread "main" [_thread_blocked, id=4168, stack(0x00000018f1770000,0x00000018f1870000)]
  0x00000018fcf9e000 JavaThread "Reference Handler" daemon [_thread_blocked, id=5136, stack(0x00000018fdae0000,0x00000018fdbe0000)]
  0x00000018fcfa0000 JavaThread "Finalizer" daemon [_thread_blocked, id=5368, stack(0x00000018fdbe0000,0x00000018fdce0000)]
  0x00000018fcfb9800 JavaThread "Signal Dispatcher" daemon [_thread_blocked, id=5196, stack(0x00000018fe1c0000,0x00000018fe2c0000)]
  0x00000018fcfba800 JavaThread "Attach Listener" daemon [_thread_blocked, id=4348, stack(0x00000018fe2c0000,0x00000018fe3c0000)]
  0x00000018fcfbd000 JavaThread "Service Thread" daemon [_thread_blocked, id=1628, stack(0x00000018fe3c0000,0x00000018fe4c0000)]
  0x00000018fcfc2000 JavaThread "C2 CompilerThread0" daemon [_thread_blocked, id=5224, stack(0x00000018fe4c0000,0x00000018fe5c0000)]
  0x00000018fcfc8000 JavaThread "C1 CompilerThread0" daemon [_thread_blocked, id=6112, stack(0x00000018fe5c0000,0x00000018fe6c0000)]
  0x00000018fcfc9800 JavaThread "Sweeper thread" daemon [_thread_blocked, id=4960, stack(0x00000018fe6c0000,0x00000018fe7c0000)]
  0x00000018fdf44000 JavaThread "Common-Cleaner" daemon [_thread_blocked, id=2340, stack(0x00000018fe7c0000,0x00000018fe8c0000)]
  0x0000001890e9e800 JavaThread "Daemon health stats" [_thread_blocked, id=4068, stack(0x00000018ffbc0000,0x00000018ffcc0000)]
  0x000000188f8a0000 JavaThread "Incoming local TCP Connector on port 64221" [_thread_in_native, id=4408, stack(0x00000018ff8c0000,0x00000018ff9c0000)]
  0x000000188faf0800 JavaThread "Daemon periodic checks" [_thread_blocked, id=5640, stack(0x00000018ffec0000,0x00000018fffc0000)]
  0x000000188f830000 JavaThread "Daemon" [_thread_blocked, id=4884, stack(0x0000001892450000,0x0000001892550000)]
  0x0000001890aa9800 JavaThread "Handler for socket connection from /127.0.0.1:64221 to /127.0.0.1:64222" [_thread_in_native, id=6036, stack(0x0000001892550000,0x0000001892650000)]
  0x000000188f5cc000 JavaThread "Cancel handler" [_thread_blocked, id=6044, stack(0x0000001892650000,0x0000001892750000)]
  0x000000188fcef000 JavaThread "Daemon worker" [_thread_blocked, id=4324, stack(0x0000001892750000,0x0000001892850000)]
  0x00000018908b3800 JavaThread "Asynchronous log dispatcher for DefaultDaemonConnection: socket connection from /127.0.0.1:64221 to /127.0.0.1:64222" [_thread_blocked, id=5976, stack(0x0000001892850000,0x0000001892950000)]
  0x00000018feac2000 JavaThread "Daemon client event forwarder" [_thread_blocked, id=392, stack(0x0000001892a50000,0x0000001892b50000)]
  0x00000018feac2800 JavaThread "Cache worker for journal cache (C:\Users\Mikhail\.gradle\caches\journal-1)" [_thread_blocked, id=716, stack(0x0000001893050000,0x0000001893150000)]
  0x00000018feac3800 JavaThread "File lock request listener" [_thread_in_native, id=752, stack(0x0000001893150000,0x0000001893250000)]
  0x00000018feac1000 JavaThread "Cache worker for file hash cache (C:\Users\Mikhail\.gradle\caches\7.3.3\fileHashes)" [_thread_blocked, id=1664, stack(0x0000001893250000,0x0000001893350000)]
  0x00000018feac5000 JavaThread "Cache worker for file hash cache (C:\Users\Mikhail\Desktop\Java projects\UserList\.gradle\7.3.3\fileHashes)" [_thread_blocked, id=4768, stack(0x0000001893750000,0x0000001893850000)]
  0x00000018feac4800 JavaThread "Cache worker for checksums cache (C:\Users\Mikhail\Desktop\Java projects\UserList\.gradle\7.3.3\checksums)" [_thread_blocked, id=5468, stack(0x0000001893a50000,0x0000001893b50000)]
  0x00000018feac6000 JavaThread "Cache worker for cache directory md-supplier (C:\Users\Mikhail\.gradle\caches\7.3.3\md-supplier)" [_thread_blocked, id=3432, stack(0x0000001893b50000,0x0000001893c50000)]
  0x00000018feac7000 JavaThread "Cache worker for cache directory md-rule (C:\Users\Mikhail\.gradle\caches\7.3.3\md-rule)" [_thread_blocked, id=5704, stack(0x0000001894250000,0x0000001894350000)]
  0x000000189115a800 JavaThread "Cache worker for execution history cache (C:\Users\Mikhail\.gradle\caches\7.3.3\executionHistory)" [_thread_blocked, id=5184, stack(0x0000001893e50000,0x0000001893f50000)]
  0x000000189115d800 JavaThread "jar transforms" [_thread_blocked, id=4464, stack(0x0000001894150000,0x0000001894250000)]
  0x000000189115b000 JavaThread "Cache worker for file content cache (C:\Users\Mikhail\.gradle\caches\7.3.3\fileContent)" [_thread_blocked, id=6052, stack(0x0000001895a20000,0x0000001895b20000)]
  0x0000001891160000 JavaThread "jar transforms Thread 2" [_thread_blocked, id=3716, stack(0x0000001895b20000,0x0000001895c20000)]
  0x000000189115e800 JavaThread "Cache worker for dependencies-accessors (C:\Users\Mikhail\Desktop\Java projects\UserList\.gradle\7.3.3\dependencies-accessors)" [_thread_blocked, id=5104, stack(0x0000001895c20000,0x0000001895d20000)]
  0x0000001891161800 JavaThread "jar transforms Thread 3" [_thread_blocked, id=4816, stack(0x0000001895920000,0x0000001895a20000)]
  0x0000001891162800 JavaThread "Cache worker for Build Output Cleanup Cache (C:\Users\Mikhail\Desktop\Java projects\UserList\.gradle\buildOutputCleanup)" [_thread_blocked, id=5828, stack(0x0000001895d20000,0x0000001895e20000)]
  0x0000001891165800 JavaThread "Unconstrained build operations" [_thread_blocked, id=5736, stack(0x0000001897400000,0x0000001897500000)]
  0x0000001891165000 JavaThread "Unconstrained build operations Thread 2" [_thread_blocked, id=2592, stack(0x0000001897500000,0x0000001897600000)]
  0x0000001891163800 JavaThread "Unconstrained build operations Thread 3" [_thread_blocked, id=6132, stack(0x0000001897840000,0x0000001897940000)]
  0x0000001891164000 JavaThread "Unconstrained build operations Thread 4" [_thread_blocked, id=3448, stack(0x0000001897940000,0x0000001897a40000)]
  0x0000001891167800 JavaThread "Unconstrained build operations Thread 5" [_thread_blocked, id=2188, stack(0x0000001897a40000,0x0000001897b40000)]
  0x0000001891168000 JavaThread "Unconstrained build operations Thread 6" [_thread_blocked, id=5212, stack(0x0000001897b40000,0x0000001897c40000)]
  0x0000001891169000 JavaThread "Unconstrained build operations Thread 7" [_thread_blocked, id=5564, stack(0x0000001897c40000,0x0000001897d40000)]
  0x0000001891166800 JavaThread "Unconstrained build operations Thread 8" [_thread_blocked, id=1732, stack(0x0000001897d40000,0x0000001897e40000)]
  0x000000189076f800 JavaThread "Unconstrained build operations Thread 9" [_thread_blocked, id=348, stack(0x0000001897e40000,0x0000001897f40000)]
  0x0000001890770000 JavaThread "Unconstrained build operations Thread 10" [_thread_blocked, id=4940, stack(0x0000001897f40000,0x0000001898040000)]
  0x0000001890771800 JavaThread "Unconstrained build operations Thread 11" [_thread_blocked, id=5464, stack(0x0000001898040000,0x0000001898140000)]
  0x0000001890771000 JavaThread "Unconstrained build operations Thread 12" [_thread_blocked, id=5228, stack(0x0000001898140000,0x0000001898240000)]
  0x0000001890774000 JavaThread "Unconstrained build operations Thread 13" [_thread_blocked, id=3520, stack(0x0000001898240000,0x0000001898340000)]
  0x0000001890775000 JavaThread "Unconstrained build operations Thread 14" [_thread_blocked, id=4568, stack(0x0000001898340000,0x0000001898440000)]
  0x0000001890772800 JavaThread "Unconstrained build operations Thread 15" [_thread_blocked, id=5316, stack(0x0000001898440000,0x0000001898540000)]
  0x0000001890776000 JavaThread "Unconstrained build operations Thread 16" [_thread_blocked, id=5300, stack(0x0000001898540000,0x0000001898640000)]
  0x0000001890773800 JavaThread "Unconstrained build operations Thread 17" [_thread_blocked, id=1000, stack(0x0000001898640000,0x0000001898740000)]
  0x0000001890779000 JavaThread "Unconstrained build operations Thread 18" [_thread_blocked, id=3748, stack(0x0000001898740000,0x0000001898840000)]
  0x0000001890778800 JavaThread "Unconstrained build operations Thread 19" [_thread_blocked, id=5588, stack(0x0000001898840000,0x0000001898940000)]
  0x0000001890776800 JavaThread "Unconstrained build operations Thread 20" [_thread_blocked, id=4740, stack(0x0000001898940000,0x0000001898a40000)]
  0x000000189077a000 JavaThread "Unconstrained build operations Thread 21" [_thread_blocked, id=1196, stack(0x0000001898a40000,0x0000001898b40000)]
  0x0000001890777800 JavaThread "Unconstrained build operations Thread 22" [_thread_blocked, id=3944, stack(0x0000001898b40000,0x0000001898c40000)]
  0x000000189077c800 JavaThread "Unconstrained build operations Thread 23" [_thread_blocked, id=5540, stack(0x0000001898c40000,0x0000001898d40000)]
  0x000000189077a800 JavaThread "Unconstrained build operations Thread 24" [_thread_blocked, id=5392, stack(0x0000001898d40000,0x0000001898e40000)]
  0x000000189077b800 JavaThread "Unconstrained build operations Thread 25" [_thread_blocked, id=3632, stack(0x0000001898e40000,0x0000001898f40000)]
  0x000000189077d000 JavaThread "Unconstrained build operations Thread 26" [_thread_blocked, id=6084, stack(0x0000001898f40000,0x0000001899040000)]
  0x000000189077e000 JavaThread "Unconstrained build operations Thread 27" [_thread_blocked, id=5088, stack(0x0000001899040000,0x0000001899140000)]
  0x0000001890719800 JavaThread "Unconstrained build operations Thread 28" [_thread_blocked, id=4128, stack(0x0000001899140000,0x0000001899240000)]
  0x000000189071a800 JavaThread "Unconstrained build operations Thread 29" [_thread_blocked, id=4184, stack(0x0000001899240000,0x0000001899340000)]
  0x0000001890719000 JavaThread "Unconstrained build operations Thread 30" [_thread_blocked, id=5780, stack(0x0000001899340000,0x0000001899440000)]
  0x0000001890718000 JavaThread "Unconstrained build operations Thread 31" [_thread_blocked, id=4852, stack(0x0000001899440000,0x0000001899540000)]
  0x000000189071b800 JavaThread "Unconstrained build operations Thread 32" [_thread_blocked, id=4248, stack(0x0000001899540000,0x0000001899640000)]
  0x000000189071e800 JavaThread "Unconstrained build operations Thread 33" [_thread_blocked, id=5720, stack(0x0000001899640000,0x0000001899740000)]
  0x000000189071c000 JavaThread "Unconstrained build operations Thread 34" [_thread_blocked, id=1808, stack(0x0000001899740000,0x0000001899840000)]
  0x000000189071d800 JavaThread "Unconstrained build operations Thread 35" [_thread_blocked, id=5176, stack(0x0000001899840000,0x0000001899940000)]
  0x000000189071f800 JavaThread "Unconstrained build operations Thread 36" [_thread_blocked, id=3704, stack(0x0000001899940000,0x0000001899a40000)]
  0x000000189071d000 JavaThread "Unconstrained build operations Thread 37" [_thread_blocked, id=5012, stack(0x0000001899a40000,0x0000001899b40000)]
  0x0000001890721000 JavaThread "Unconstrained build operations Thread 38" [_thread_blocked, id=2996, stack(0x0000001899b40000,0x0000001899c40000)]
  0x0000001890722000 JavaThread "Unconstrained build operations Thread 39" [_thread_blocked, id=5496, stack(0x0000001899c40000,0x0000001899d40000)]
  0x0000001890722800 JavaThread "Unconstrained build operations Thread 40" [_thread_blocked, id=5608, stack(0x0000001899d40000,0x0000001899e40000)]
  0x0000001890720000 JavaThread "jar transforms Thread 4" [_thread_blocked, id=3688, stack(0x0000001899f40000,0x000000189a040000)]
  0x0000001890724800 JavaThread "Memory manager" [_thread_blocked, id=4676, stack(0x0000001899e40000,0x0000001899f40000)]
  0x0000001890723800 JavaThread "build event listener" [_thread_blocked, id=4680, stack(0x000000189b510000,0x000000189b610000)]
  0x0000001890726800 JavaThread "Execution worker for ':'" [_thread_blocked, id=4116, stack(0x000000189d4c0000,0x000000189d5c0000)]
  0x00000018feac0800 JavaThread "Execution worker for ':' Thread 2" [_thread_blocked, id=5764, stack(0x000000189d5c0000,0x000000189d6c0000)]
  0x000000189c43f000 JavaThread "Execution worker for ':' Thread 3" [_thread_blocked, id=6056, stack(0x000000189d6c0000,0x000000189d7c0000)]
  0x000000189c440000 JavaThread "Cache worker for execution history cache (C:\Users\Mikhail\Desktop\Java projects\UserList\.gradle\7.3.3\executionHistory)" [_thread_blocked, id=2748, stack(0x000000189d7c0000,0x000000189d8c0000)]
  0x000000189cbda800 JavaThread "WorkerExecutor Queue Thread 6" [_thread_blocked, id=5816, stack(0x000000189fba0000,0x000000189fca0000)]
  0x000000189cbd9000 JavaThread "C2 CompilerThread1" daemon [_thread_blocked, id=4516, stack(0x0000001892950000,0x0000001892a50000)]

Other Threads:
=>0x00000018fcf93000 VMThread "VM Thread" [stack: 0x00000018fd9e0000,0x00000018fdae0000] [id=2000]
  0x00000018fdf5d000 WatcherThread [stack: 0x00000018fe8c0000,0x00000018fe9c0000] [id=2784]
  0x00000018f20de800 GCTaskThread "GC Thread#0" [stack: 0x00000018f1a80000,0x00000018f1b80000] [id=5836]
  0x00000018ff136800 GCTaskThread "GC Thread#1" [stack: 0x00000018fe9c0000,0x00000018feac0000] [id=3284]
  0x000000188fca9800 GCTaskThread "GC Thread#2" [stack: 0x0000001892c50000,0x0000001892d50000] [id=4708]
  0x0000001890bbc000 GCTaskThread "GC Thread#3" [stack: 0x0000001892d50000,0x0000001892e50000] [id=4612]
  0x00000018f2110800 ConcurrentGCThread "G1 Main Marker" [stack: 0x00000018fa7a0000,0x00000018fa8a0000] [id=5648]
  0x00000018f2111800 ConcurrentGCThread "G1 Conc#0" [stack: 0x00000018fa8a0000,0x00000018fa9a0000] [id=4732]
  0x00000018f215f000 ConcurrentGCThread "G1 Refine#0" [stack: 0x00000018fcfe0000,0x00000018fd0e0000] [id=6048]
  0x00000018fcdf0800 ConcurrentGCThread "G1 Young RemSet Sampling" [stack: 0x00000018fd0e0000,0x00000018fd1e0000] [id=4988]

Threads with active compile tasks:
C2 CompilerThread01114505 25781       4       org.objectweb.asm.ClassReader::readElementValues (88 bytes)
C2 CompilerThread11114505 25815       4       org.gradle.internal.normalization.java.impl.ApiMemberWriter::writeClass (230 bytes)

VM state:at safepoint (normal execution)

VM Mutex/Monitor currently owned by a thread:  ([mutex/lock_event])
[0x00000018f20c9f00] Threads_lock - owner thread: 0x00000018fcf93000
[0x00000018f20c9180] Heap_lock - owner thread: 0x000000189c43f000

Heap address: 0x0000000080000000, size: 2048 MB, Compressed Oops mode: 32-bit
Narrow klass base: 0x0000000000000000, Narrow klass shift: 3
Compressed class space size: 1073741824 Address: 0x0000000100000000

Heap:
 garbage-first heap   total 1056768K, used 112008K [0x0000000080000000, 0x0000000100000000)
  region size 1024K, 1 young (1024K), 1 survivors (1024K)
 Metaspace       used 123883K, capacity 126936K, committed 127228K, reserved 1161216K
  class space    used 15289K, capacity 16467K, committed 16512K, reserved 1048576K
Heap Regions: E=young(eden), S=young(survivor), O=old, HS=humongous(starts), HC=humongous(continues), CS=collection set, F=free, A=archive, TAMS=top-at-mark-start (previous, next)
|   0|0x0000000080000000, 0x0000000080100000, 0x0000000080100000|100%| O|  |TAMS 0x0000000080100000, 0x0000000080000000| Untracked 
|   1|0x0000000080100000, 0x0000000080200000, 0x0000000080200000|100%| O|  |TAMS 0x0000000080200000, 0x0000000080100000| Untracked 
|   2|0x0000000080200000, 0x0000000080300000, 0x0000000080300000|100%| O|  |TAMS 0x0000000080300000, 0x0000000080200000| Untracked 
|   3|0x0000000080300000, 0x0000000080400000, 0x0000000080400000|100%|HS|  |TAMS 0x0000000080400000, 0x0000000080300000| Complete 
|   4|0x0000000080400000, 0x0000000080500000, 0x0000000080500000|100%|HC|  |TAMS 0x0000000080500000, 0x0000000080400000| Complete 
|   5|0x0000000080500000, 0x0000000080600000, 0x0000000080600000|100%|HC|  |TAMS 0x0000000080600000, 0x0000000080500000| Complete 
|   6|0x0000000080600000, 0x0000000080700000, 0x0000000080700000|100%| O|  |TAMS 0x0000000080700000, 0x0000000080600000| Untracked 
|   7|0x0000000080700000, 0x0000000080800000, 0x0000000080800000|100%| O|  |TAMS 0x0000000080800000, 0x0000000080700000| Untracked 
|   8|0x0000000080800000, 0x0000000080900000, 0x0000000080900000|100%| O|  |TAMS 0x0000000080900000, 0x0000000080800000| Untracked 
|   9|0x0000000080900000, 0x0000000080a00000, 0x0000000080a00000|100%| O|  |TAMS 0x0000000080a00000, 0x0000000080900000| Untracked 
|  10|0x0000000080a00000, 0x0000000080b00000, 0x0000000080b00000|100%| O|  |TAMS 0x0000000080b00000, 0x0000000080a00000| Untracked 
|  11|0x0000000080b00000, 0x0000000080c00000, 0x0000000080c00000|100%| O|  |TAMS 0x0000000080c00000, 0x0000000080b00000| Untracked 
|  12|0x0000000080c00000, 0x0000000080d00000, 0x0000000080d00000|100%| O|  |TAMS 0x0000000080d00000, 0x0000000080c00000| Untracked 
|  13|0x0000000080d00000, 0x0000000080e00000, 0x0000000080e00000|100%| O|  |TAMS 0x0000000080e00000, 0x0000000080d00000| Untracked 
|  14|0x0000000080e00000, 0x0000000080f00000, 0x0000000080f00000|100%| O|  |TAMS 0x0000000080f00000, 0x0000000080e00000| Untracked 
|  15|0x0000000080f00000, 0x0000000081000000, 0x0000000081000000|100%| O|  |TAMS 0x0000000081000000, 0x0000000080f00000| Untracked 
|  16|0x0000000081000000, 0x0000000081100000, 0x0000000081100000|100%| O|  |TAMS 0x0000000081100000, 0x0000000081000000| Untracked 
|  17|0x0000000081100000, 0x0000000081200000, 0x0000000081200000|100%| O|  |TAMS 0x0000000081200000, 0x0000000081100000| Untracked 
|  18|0x0000000081200000, 0x0000000081300000, 0x0000000081300000|100%| O|  |TAMS 0x0000000081300000, 0x0000000081200000| Untracked 
|  19|0x0000000081300000, 0x0000000081400000, 0x0000000081400000|100%| O|  |TAMS 0x0000000081400000, 0x0000000081300000| Untracked 
|  20|0x0000000081400000, 0x0000000081500000, 0x0000000081500000|100%| O|  |TAMS 0x0000000081500000, 0x0000000081400000| Untracked 
|  21|0x0000000081500000, 0x0000000081600000, 0x0000000081600000|100%| O|  |TAMS 0x0000000081600000, 0x0000000081500000| Untracked 
|  22|0x0000000081600000, 0x0000000081700000, 0x0000000081700000|100%| O|  |TAMS 0x0000000081700000, 0x0000000081600000| Untracked 
|  23|0x0000000081700000, 0x0000000081800000, 0x0000000081800000|100%| O|  |TAMS 0x0000000081800000, 0x0000000081700000| Untracked 
|  24|0x0000000081800000, 0x0000000081900000, 0x0000000081900000|100%| O|  |TAMS 0x0000000081900000, 0x0000000081800000| Untracked 
|  25|0x0000000081900000, 0x0000000081a00000, 0x0000000081a00000|100%| O|  |TAMS 0x0000000081a00000, 0x0000000081900000| Untracked 
|  26|0x0000000081a00000, 0x0000000081b00000, 0x0000000081b00000|100%| O|  |TAMS 0x0000000081b00000, 0x0000000081a00000| Untracked 
|  27|0x0000000081b00000, 0x0000000081c00000, 0x0000000081c00000|100%| O|  |TAMS 0x0000000081c00000, 0x0000000081b00000| Untracked 
|  28|0x0000000081c00000, 0x0000000081d00000, 0x0000000081d00000|100%| O|  |TAMS 0x0000000081d00000, 0x0000000081c00000| Untracked 
|  29|0x0000000081d00000, 0x0000000081e00000, 0x0000000081e00000|100%| O|  |TAMS 0x0000000081e00000, 0x0000000081d00000| Untracked 
|  30|0x0000000081e00000, 0x0000000081f00000, 0x0000000081f00000|100%|HS|  |TAMS 0x0000000081f00000, 0x0000000081e00000| Complete 
|  31|0x0000000081f00000, 0x0000000082000000, 0x0000000082000000|100%|HS|  |TAMS 0x0000000082000000, 0x0000000081f00000| Complete 
|  32|0x0000000082000000, 0x0000000082100000, 0x0000000082100000|100%| O|  |TAMS 0x0000000082100000, 0x0000000082000000| Untracked 
|  33|0x0000000082100000, 0x0000000082200000, 0x0000000082200000|100%| O|  |TAMS 0x0000000082200000, 0x0000000082100000| Untracked 
|  34|0x0000000082200000, 0x0000000082300000, 0x0000000082300000|100%|HS|  |TAMS 0x0000000082300000, 0x0000000082200000| Complete 
|  35|0x0000000082300000, 0x0000000082400000, 0x0000000082400000|100%| O|  |TAMS 0x0000000082400000, 0x0000000082300000| Untracked 
|  36|0x0000000082400000, 0x0000000082500000, 0x0000000082500000|100%| O|  |TAMS 0x0000000082500000, 0x0000000082400000| Untracked 
|  37|0x0000000082500000, 0x0000000082600000, 0x0000000082600000|100%|HS|  |TAMS 0x0000000082600000, 0x0000000082500000| Complete 
|  38|0x0000000082600000, 0x0000000082700000, 0x0000000082700000|100%|HC|  |TAMS 0x0000000082700000, 0x0000000082600000| Complete 
|  39|0x0000000082700000, 0x0000000082800000, 0x0000000082800000|100%|HC|  |TAMS 0x0000000082800000, 0x0000000082700000| Complete 
|  40|0x0000000082800000, 0x0000000082900000, 0x0000000082900000|100%| O|  |TAMS 0x0000000082900000, 0x0000000082800000| Untracked 
|  41|0x0000000082900000, 0x0000000082a00000, 0x0000000082a00000|100%| O|  |TAMS 0x0000000082a00000, 0x0000000082900000| Untracked 
|  42|0x0000000082a00000, 0x0000000082b00000, 0x0000000082b00000|100%| O|  |TAMS 0x0000000082b00000, 0x0000000082a00000| Untracked 
|  43|0x0000000082b00000, 0x0000000082c00000, 0x0000000082c00000|100%|HS|  |TAMS 0x0000000082c00000, 0x0000000082b00000| Complete 
|  44|0x0000000082c00000, 0x0000000082d00000, 0x0000000082d00000|100%|HC|  |TAMS 0x0000000082d00000, 0x0000000082c00000| Complete 
|  45|0x0000000082d00000, 0x0000000082e00000, 0x0000000082e00000|100%| O|  |TAMS 0x0000000082e00000, 0x0000000082d00000| Untracked 
|  46|0x0000000082e00000, 0x0000000082f00000, 0x0000000082f00000|100%| O|  |TAMS 0x0000000082f00000, 0x0000000082e00000| Untracked 
|  47|0x0000000082f00000, 0x0000000083000000, 0x0000000083000000|100%| O|  |TAMS 0x0000000083000000, 0x0000000082f00000| Untracked 
|  48|0x0000000083000000, 0x0000000083100000, 0x0000000083100000|100%| O|  |TAMS 0x0000000083100000, 0x0000000083000000| Untracked 
|  49|0x0000000083100000, 0x0000000083200000, 0x0000000083200000|100%| O|  |TAMS 0x0000000083200000, 0x0000000083100000| Untracked 
|  50|0x0000000083200000, 0x0000000083300000, 0x0000000083300000|100%| O|  |TAMS 0x0000000083300000, 0x0000000083200000| Untracked 
|  51|0x0000000083300000, 0x0000000083400000, 0x0000000083400000|100%| O|  |TAMS 0x0000000083400000, 0x0000000083300000| Untracked 
|  52|0x0000000083400000, 0x0000000083500000, 0x0000000083500000|100%| O|  |TAMS 0x0000000083500000, 0x0000000083400000| Untracked 
|  53|0x0000000083500000, 0x0000000083600000, 0x0000000083600000|100%| O|  |TAMS 0x0000000083600000, 0x0000000083500000| Untracked 
|  54|0x0000000083600000, 0x0000000083700000, 0x0000000083700000|100%| O|  |TAMS 0x0000000083700000, 0x0000000083600000| Untracked 
|  55|0x0000000083700000, 0x0000000083800000, 0x0000000083800000|100%| O|  |TAMS 0x0000000083800000, 0x0000000083700000| Untracked 
|  56|0x0000000083800000, 0x0000000083900000, 0x0000000083900000|100%| O|  |TAMS 0x0000000083900000, 0x0000000083800000| Untracked 
|  57|0x0000000083900000, 0x0000000083a00000, 0x0000000083a00000|100%| O|  |TAMS 0x0000000083a00000, 0x0000000083900000| Untracked 
|  58|0x0000000083a00000, 0x0000000083b00000, 0x0000000083b00000|100%| O|  |TAMS 0x0000000083b00000, 0x0000000083a00000| Untracked 
|  59|0x0000000083b00000, 0x0000000083c00000, 0x0000000083c00000|100%| O|  |TAMS 0x0000000083c00000, 0x0000000083b00000| Untracked 
|  60|0x0000000083c00000, 0x0000000083d00000, 0x0000000083d00000|100%| O|  |TAMS 0x0000000083d00000, 0x0000000083c00000| Untracked 
|  61|0x0000000083d00000, 0x0000000083e00000, 0x0000000083e00000|100%| O|  |TAMS 0x0000000083e00000, 0x0000000083d00000| Untracked 
|  62|0x0000000083e00000, 0x0000000083f00000, 0x0000000083f00000|100%| O|  |TAMS 0x0000000083f00000, 0x0000000083e00000| Untracked 
|  63|0x0000000083f00000, 0x0000000084000000, 0x0000000084000000|100%| O|  |TAMS 0x0000000084000000, 0x0000000083f00000| Untracked 
|  64|0x0000000084000000, 0x0000000084100000, 0x0000000084100000|100%| O|  |TAMS 0x0000000084100000, 0x0000000084000000| Untracked 
|  65|0x0000000084100000, 0x0000000084200000, 0x0000000084200000|100%| O|  |TAMS 0x0000000084200000, 0x0000000084100000| Untracked 
|  66|0x0000000084200000, 0x0000000084300000, 0x0000000084300000|100%| O|  |TAMS 0x0000000084300000, 0x0000000084200000| Untracked 
|  67|0x0000000084300000, 0x0000000084400000, 0x0000000084400000|100%| O|  |TAMS 0x0000000084400000, 0x0000000084300000| Untracked 
|  68|0x0000000084400000, 0x0000000084500000, 0x0000000084500000|100%| O|  |TAMS 0x0000000084500000, 0x0000000084400000| Untracked 
|  69|0x0000000084500000, 0x0000000084600000, 0x0000000084600000|100%| O|  |TAMS 0x0000000084600000, 0x0000000084500000| Untracked 
|  70|0x0000000084600000, 0x0000000084700000, 0x0000000084700000|100%| O|  |TAMS 0x0000000084700000, 0x0000000084600000| Untracked 
|  71|0x0000000084700000, 0x0000000084800000, 0x0000000084800000|100%| O|  |TAMS 0x0000000084800000, 0x0000000084700000| Untracked 
|  72|0x0000000084800000, 0x0000000084900000, 0x0000000084900000|100%| O|  |TAMS 0x0000000084900000, 0x0000000084800000| Untracked 
|  73|0x0000000084900000, 0x0000000084a00000, 0x0000000084a00000|100%| O|  |TAMS 0x0000000084a00000, 0x0000000084900000| Untracked 
|  74|0x0000000084a00000, 0x0000000084b00000, 0x0000000084b00000|100%| O|  |TAMS 0x0000000084b00000, 0x0000000084a00000| Untracked 
|  75|0x0000000084b00000, 0x0000000084c00000, 0x0000000084c00000|100%|HS|  |TAMS 0x0000000084b00000, 0x0000000084b00000| Complete 
|  76|0x0000000084c00000, 0x0000000084d00000, 0x0000000084d00000|100%|HC|  |TAMS 0x0000000084c00000, 0x0000000084c00000| Complete 
|  77|0x0000000084d00000, 0x0000000084e00000, 0x0000000084e00000|100%| O|  |TAMS 0x0000000084d00000, 0x0000000084d00000| Untracked 
|  78|0x0000000084e00000, 0x0000000084f00000, 0x0000000084f00000|100%| O|  |TAMS 0x0000000084e00000, 0x0000000084e00000| Untracked 
|  79|0x0000000084f00000, 0x0000000085000000, 0x0000000085000000|100%| O|  |TAMS 0x0000000085000000, 0x0000000084f00000| Untracked 
|  80|0x0000000085000000, 0x0000000085100000, 0x0000000085100000|100%| O|  |TAMS 0x0000000085000000, 0x0000000085000000| Untracked 
|  81|0x0000000085100000, 0x0000000085200000, 0x0000000085200000|100%| O|  |TAMS 0x0000000085100000, 0x0000000085100000| Untracked 
|  82|0x0000000085200000, 0x000000008526f000, 0x0000000085300000| 43%| O|  |TAMS 0x0000000085200000, 0x0000000085200000| Untracked 
|  83|0x0000000085300000, 0x0000000085400000, 0x0000000085400000|100%| O|  |TAMS 0x0000000085400000, 0x0000000085300000| Untracked 
|  84|0x0000000085400000, 0x0000000085500000, 0x0000000085500000|100%| O|  |TAMS 0x0000000085500000, 0x0000000085400000| Untracked 
|  85|0x0000000085500000, 0x0000000085500000, 0x0000000085600000|  0%| F|  |TAMS 0x0000000085500000, 0x0000000085500000| Untracked 
|  86|0x0000000085600000, 0x0000000085600000, 0x0000000085700000|  0%| F|  |TAMS 0x0000000085600000, 0x0000000085600000| Untracked 
|  87|0x0000000085700000, 0x0000000085800000, 0x0000000085800000|100%| O|  |TAMS 0x0000000085800000, 0x0000000085700000| Untracked 
|  88|0x0000000085800000, 0x0000000085900000, 0x0000000085900000|100%| O|  |TAMS 0x0000000085900000, 0x0000000085800000| Untracked 
|  89|0x0000000085900000, 0x0000000085a00000, 0x0000000085a00000|100%| O|  |TAMS 0x0000000085a00000, 0x0000000085900000| Untracked 
|  90|0x0000000085a00000, 0x0000000085b00000, 0x0000000085b00000|100%| O|  |TAMS 0x0000000085b00000, 0x0000000085a00000| Untracked 
|  91|0x0000000085b00000, 0x0000000085c00000, 0x0000000085c00000|100%| O|  |TAMS 0x0000000085c00000, 0x0000000085b00000| Untracked 
|  92|0x0000000085c00000, 0x0000000085d00000, 0x0000000085d00000|100%| O|  |TAMS 0x0000000085d00000, 0x0000000085c00000| Untracked 
|  93|0x0000000085d00000, 0x0000000085d00000, 0x0000000085e00000|  0%| F|  |TAMS 0x0000000085d00000, 0x0000000085d00000| Untracked 
|  94|0x0000000085e00000, 0x0000000085f00000, 0x0000000085f00000|100%| O|  |TAMS 0x0000000085f00000, 0x0000000085e00000| Untracked 
|  95|0x0000000085f00000, 0x0000000086000000, 0x0000000086000000|100%| O|  |TAMS 0x0000000086000000, 0x0000000085f00000| Untracked 
|  96|0x0000000086000000, 0x0000000086000000, 0x0000000086100000|  0%| F|  |TAMS 0x0000000086000000, 0x0000000086000000| Untracked 
|  97|0x0000000086100000, 0x0000000086100000, 0x0000000086200000|  0%| F|  |TAMS 0x0000000086100000, 0x0000000086100000| Untracked 
|  98|0x0000000086200000, 0x0000000086200000, 0x0000000086300000|  0%| F|  |TAMS 0x0000000086200000, 0x0000000086200000| Untracked 
|  99|0x0000000086300000, 0x0000000086300000, 0x0000000086400000|  0%| F|  |TAMS 0x0000000086300000, 0x0000000086300000| Untracked 
| 100|0x0000000086400000, 0x0000000086500000, 0x0000000086500000|100%| O|  |TAMS 0x0000000086500000, 0x0000000086400000| Untracked 
| 101|0x0000000086500000, 0x0000000086500000, 0x0000000086600000|  0%| F|  |TAMS 0x0000000086500000, 0x0000000086500000| Untracked 
| 102|0x0000000086600000, 0x0000000086600000, 0x0000000086700000|  0%| F|  |TAMS 0x0000000086600000, 0x0000000086600000| Untracked 
| 103|0x0000000086700000, 0x0000000086800000, 0x0000000086800000|100%| O|  |TAMS 0x0000000086800000, 0x0000000086700000| Untracked 
| 104|0x0000000086800000, 0x0000000086800000, 0x0000000086900000|  0%| F|  |TAMS 0x0000000086800000, 0x0000000086800000| Untracked 
| 105|0x0000000086900000, 0x0000000086a00000, 0x0000000086a00000|100%| O|  |TAMS 0x0000000086a00000, 0x0000000086900000| Untracked 
| 106|0x0000000086a00000, 0x0000000086a00000, 0x0000000086b00000|  0%| F|  |TAMS 0x0000000086a00000, 0x0000000086a00000| Untracked 
| 107|0x0000000086b00000, 0x0000000086b00000, 0x0000000086c00000|  0%| F|  |TAMS 0x0000000086b00000, 0x0000000086b00000| Untracked 
| 108|0x0000000086c00000, 0x0000000086c00000, 0x0000000086d00000|  0%| F|  |TAMS 0x0000000086c00000, 0x0000000086c00000| Untracked 
| 109|0x0000000086d00000, 0x0000000086d00000, 0x0000000086e00000|  0%| F|  |TAMS 0x0000000086d00000, 0x0000000086d00000| Untracked 
| 110|0x0000000086e00000, 0x0000000086e00000, 0x0000000086f00000|  0%| F|  |TAMS 0x0000000086e00000, 0x0000000086e00000| Untracked 
| 111|0x0000000086f00000, 0x0000000087000000, 0x0000000087000000|100%| O|  |TAMS 0x0000000087000000, 0x0000000086f00000| Untracked 
| 112|0x0000000087000000, 0x0000000087000000, 0x0000000087100000|  0%| F|  |TAMS 0x0000000087000000, 0x0000000087000000| Untracked 
| 113|0x0000000087100000, 0x0000000087100000, 0x0000000087200000|  0%| F|  |TAMS 0x0000000087100000, 0x0000000087100000| Untracked 
| 114|0x0000000087200000, 0x0000000087300000, 0x0000000087300000|100%| O|  |TAMS 0x0000000087300000, 0x0000000087200000| Untracked 
| 115|0x0000000087300000, 0x0000000087300000, 0x0000000087400000|  0%| F|  |TAMS 0x0000000087300000, 0x0000000087300000| Untracked 
| 116|0x0000000087400000, 0x0000000087400000, 0x0000000087500000|  0%| F|  |TAMS 0x0000000087400000, 0x0000000087400000| Untracked 
| 117|0x0000000087500000, 0x0000000087500000, 0x0000000087600000|  0%| F|  |TAMS 0x0000000087500000, 0x0000000087500000| Untracked 
| 118|0x0000000087600000, 0x0000000087600000, 0x0000000087700000|  0%| F|  |TAMS 0x0000000087600000, 0x0000000087600000| Untracked 
| 119|0x0000000087700000, 0x0000000087700000, 0x0000000087800000|  0%| F|  |TAMS 0x0000000087700000, 0x0000000087700000| Untracked 
| 120|0x0000000087800000, 0x0000000087800000, 0x0000000087900000|  0%| F|  |TAMS 0x0000000087800000, 0x0000000087800000| Untracked 
| 121|0x0000000087900000, 0x0000000087900000, 0x0000000087a00000|  0%| F|  |TAMS 0x0000000087900000, 0x0000000087900000| Untracked 
| 122|0x0000000087a00000, 0x0000000087a00000, 0x0000000087b00000|  0%| F|  |TAMS 0x0000000087a00000, 0x0000000087a00000| Untracked 
| 123|0x0000000087b00000, 0x0000000087b00000, 0x0000000087c00000|  0%| F|  |TAMS 0x0000000087b00000, 0x0000000087b00000| Untracked 
| 124|0x0000000087c00000, 0x0000000087c00000, 0x0000000087d00000|  0%| F|  |TAMS 0x0000000087c00000, 0x0000000087c00000| Untracked 
| 125|0x0000000087d00000, 0x0000000087d00000, 0x0000000087e00000|  0%| F|  |TAMS 0x0000000087d00000, 0x0000000087d00000| Untracked 
| 126|0x0000000087e00000, 0x0000000087e00000, 0x0000000087f00000|  0%| F|  |TAMS 0x0000000087e00000, 0x0000000087e00000| Untracked 
| 127|0x0000000087f00000, 0x0000000087f00000, 0x0000000088000000|  0%| F|  |TAMS 0x0000000087f00000, 0x0000000087f00000| Untracked 
| 128|0x0000000088000000, 0x0000000088000000, 0x0000000088100000|  0%| F|  |TAMS 0x0000000088000000, 0x0000000088000000| Untracked 
| 129|0x0000000088100000, 0x0000000088100000, 0x0000000088200000|  0%| F|  |TAMS 0x0000000088100000, 0x0000000088100000| Untracked 
| 130|0x0000000088200000, 0x0000000088200000, 0x0000000088300000|  0%| F|  |TAMS 0x0000000088200000, 0x0000000088200000| Untracked 
| 131|0x0000000088300000, 0x0000000088300000, 0x0000000088400000|  0%| F|  |TAMS 0x0000000088300000, 0x0000000088300000| Untracked 
| 132|0x0000000088400000, 0x0000000088400000, 0x0000000088500000|  0%| F|  |TAMS 0x0000000088400000, 0x0000000088400000| Untracked 
| 133|0x0000000088500000, 0x0000000088500000, 0x0000000088600000|  0%| F|  |TAMS 0x0000000088500000, 0x0000000088500000| Untracked 
| 134|0x0000000088600000, 0x0000000088600000, 0x0000000088700000|  0%| F|  |TAMS 0x0000000088600000, 0x0000000088600000| Untracked 
| 135|0x0000000088700000, 0x0000000088800000, 0x0000000088800000|100%| O|  |TAMS 0x0000000088800000, 0x0000000088700000| Untracked 
| 136|0x0000000088800000, 0x0000000088900000, 0x0000000088900000|100%| O|  |TAMS 0x0000000088900000, 0x0000000088800000| Untracked 
| 137|0x0000000088900000, 0x0000000088900000, 0x0000000088a00000|  0%| F|  |TAMS 0x0000000088900000, 0x0000000088900000| Untracked 
| 138|0x0000000088a00000, 0x0000000088a00000, 0x0000000088b00000|  0%| F|  |TAMS 0x0000000088a00000, 0x0000000088a00000| Untracked 
| 139|0x0000000088b00000, 0x0000000088b00000, 0x0000000088c00000|  0%| F|  |TAMS 0x0000000088b00000, 0x0000000088b00000| Untracked 
| 140|0x0000000088c00000, 0x0000000088c00000, 0x0000000088d00000|  0%| F|  |TAMS 0x0000000088c00000, 0x0000000088c00000| Untracked 
| 141|0x0000000088d00000, 0x0000000088e00000, 0x0000000088e00000|100%| O|  |TAMS 0x0000000088e00000, 0x0000000088d00000| Untracked 
| 142|0x0000000088e00000, 0x0000000088e00000, 0x0000000088f00000|  0%| F|  |TAMS 0x0000000088e00000, 0x0000000088e00000| Untracked 
| 143|0x0000000088f00000, 0x0000000089000000, 0x0000000089000000|100%| O|  |TAMS 0x0000000089000000, 0x0000000088f00000| Untracked 
| 144|0x0000000089000000, 0x0000000089100000, 0x0000000089100000|100%| O|  |TAMS 0x0000000089100000, 0x0000000089000000| Untracked 
| 145|0x0000000089100000, 0x0000000089100000, 0x0000000089200000|  0%| F|  |TAMS 0x0000000089100000, 0x0000000089100000| Untracked 
| 146|0x0000000089200000, 0x0000000089200000, 0x0000000089300000|  0%| F|  |TAMS 0x0000000089200000, 0x0000000089200000| Untracked 
| 147|0x0000000089300000, 0x0000000089300000, 0x0000000089400000|  0%| F|  |TAMS 0x0000000089300000, 0x0000000089300000| Untracked 
| 148|0x0000000089400000, 0x0000000089400000, 0x0000000089500000|  0%| F|  |TAMS 0x0000000089400000, 0x0000000089400000| Untracked 
| 149|0x0000000089500000, 0x0000000089500000, 0x0000000089600000|  0%| F|  |TAMS 0x0000000089500000, 0x0000000089500000| Untracked 
| 150|0x0000000089600000, 0x0000000089600000, 0x0000000089700000|  0%| F|  |TAMS 0x0000000089600000, 0x0000000089600000| Untracked 
| 151|0x0000000089700000, 0x0000000089700000, 0x0000000089800000|  0%| F|  |TAMS 0x0000000089700000, 0x0000000089700000| Untracked 
| 152|0x0000000089800000, 0x0000000089800000, 0x0000000089900000|  0%| F|  |TAMS 0x0000000089800000, 0x0000000089800000| Untracked 
| 153|0x0000000089900000, 0x0000000089900000, 0x0000000089a00000|  0%| F|  |TAMS 0x0000000089900000, 0x0000000089900000| Untracked 
| 154|0x0000000089a00000, 0x0000000089a00000, 0x0000000089b00000|  0%| F|  |TAMS 0x0000000089a00000, 0x0000000089a00000| Untracked 
| 155|0x0000000089b00000, 0x0000000089b00000, 0x0000000089c00000|  0%| F|  |TAMS 0x0000000089b00000, 0x0000000089b00000| Untracked 
| 156|0x0000000089c00000, 0x0000000089c00000, 0x0000000089d00000|  0%| F|  |TAMS 0x0000000089c00000, 0x0000000089c00000| Untracked 
| 157|0x0000000089d00000, 0x0000000089d00000, 0x0000000089e00000|  0%| F|  |TAMS 0x0000000089d00000, 0x0000000089d00000| Untracked 
| 158|0x0000000089e00000, 0x0000000089e00000, 0x0000000089f00000|  0%| F|  |TAMS 0x0000000089e00000, 0x0000000089e00000| Untracked 
| 159|0x0000000089f00000, 0x0000000089f00000, 0x000000008a000000|  0%| F|  |TAMS 0x0000000089f00000, 0x0000000089f00000| Untracked 
| 160|0x000000008a000000, 0x000000008a000000, 0x000000008a100000|  0%| F|  |TAMS 0x000000008a000000, 0x000000008a000000| Untracked 
| 161|0x000000008a100000, 0x000000008a100000, 0x000000008a200000|  0%| F|  |TAMS 0x000000008a100000, 0x000000008a100000| Untracked 
| 162|0x000000008a200000, 0x000000008a200000, 0x000000008a300000|  0%| F|  |TAMS 0x000000008a200000, 0x000000008a200000| Untracked 
| 163|0x000000008a300000, 0x000000008a300000, 0x000000008a400000|  0%| F|  |TAMS 0x000000008a300000, 0x000000008a300000| Untracked 
| 164|0x000000008a400000, 0x000000008a400000, 0x000000008a500000|  0%| F|  |TAMS 0x000000008a400000, 0x000000008a400000| Untracked 
| 165|0x000000008a500000, 0x000000008a500000, 0x000000008a600000|  0%| F|  |TAMS 0x000000008a500000, 0x000000008a500000| Untracked 
| 166|0x000000008a600000, 0x000000008a600000, 0x000000008a700000|  0%| F|  |TAMS 0x000000008a600000, 0x000000008a600000| Untracked 
| 167|0x000000008a700000, 0x000000008a700000, 0x000000008a800000|  0%| F|  |TAMS 0x000000008a700000, 0x000000008a700000| Untracked 
| 168|0x000000008a800000, 0x000000008a800000, 0x000000008a900000|  0%| F|  |TAMS 0x000000008a800000, 0x000000008a800000| Untracked 
| 169|0x000000008a900000, 0x000000008a900000, 0x000000008aa00000|  0%| F|  |TAMS 0x000000008a900000, 0x000000008a900000| Untracked 
| 170|0x000000008aa00000, 0x000000008aa00000, 0x000000008ab00000|  0%| F|  |TAMS 0x000000008aa00000, 0x000000008aa00000| Untracked 
| 171|0x000000008ab00000, 0x000000008ab00000, 0x000000008ac00000|  0%| F|  |TAMS 0x000000008ab00000, 0x000000008ab00000| Untracked 
| 172|0x000000008ac00000, 0x000000008ac00000, 0x000000008ad00000|  0%| F|  |TAMS 0x000000008ac00000, 0x000000008ac00000| Untracked 
| 173|0x000000008ad00000, 0x000000008ad00000, 0x000000008ae00000|  0%| F|  |TAMS 0x000000008ad00000, 0x000000008ad00000| Untracked 
| 174|0x000000008ae00000, 0x000000008ae00000, 0x000000008af00000|  0%| F|  |TAMS 0x000000008ae00000, 0x000000008ae00000| Untracked 
| 175|0x000000008af00000, 0x000000008af00000, 0x000000008b000000|  0%| F|  |TAMS 0x000000008af00000, 0x000000008af00000| Untracked 
| 176|0x000000008b000000, 0x000000008b000000, 0x000000008b100000|  0%| F|  |TAMS 0x000000008b000000, 0x000000008b000000| Untracked 
| 177|0x000000008b100000, 0x000000008b200000, 0x000000008b200000|100%| O|  |TAMS 0x000000008b200000, 0x000000008b100000| Untracked 
| 178|0x000000008b200000, 0x000000008b300000, 0x000000008b300000|100%| O|  |TAMS 0x000000008b300000, 0x000000008b200000| Untracked 
| 179|0x000000008b300000, 0x000000008b400000, 0x000000008b400000|100%| O|  |TAMS 0x000000008b400000, 0x000000008b300000| Untracked 
| 180|0x000000008b400000, 0x000000008b500000, 0x000000008b500000|100%| O|  |TAMS 0x000000008b500000, 0x000000008b400000| Untracked 
| 181|0x000000008b500000, 0x000000008b500000, 0x000000008b600000|  0%| F|  |TAMS 0x000000008b500000, 0x000000008b500000| Untracked 
| 182|0x000000008b600000, 0x000000008b600000, 0x000000008b700000|  0%| F|  |TAMS 0x000000008b600000, 0x000000008b600000| Untracked 
| 183|0x000000008b700000, 0x000000008b700000, 0x000000008b800000|  0%| F|  |TAMS 0x000000008b700000, 0x000000008b700000| Untracked 
| 184|0x000000008b800000, 0x000000008b800000, 0x000000008b900000|  0%| F|  |TAMS 0x000000008b800000, 0x000000008b800000| Untracked 
| 185|0x000000008b900000, 0x000000008b900000, 0x000000008ba00000|  0%| F|  |TAMS 0x000000008b900000, 0x000000008b900000| Untracked 
| 186|0x000000008ba00000, 0x000000008ba00000, 0x000000008bb00000|  0%| F|  |TAMS 0x000000008ba00000, 0x000000008ba00000| Untracked 
| 187|0x000000008bb00000, 0x000000008bb00000, 0x000000008bc00000|  0%| F|  |TAMS 0x000000008bb00000, 0x000000008bb00000| Untracked 
| 188|0x000000008bc00000, 0x000000008bc00000, 0x000000008bd00000|  0%| F|  |TAMS 0x000000008bc00000, 0x000000008bc00000| Untracked 
| 189|0x000000008bd00000, 0x000000008bd00000, 0x000000008be00000|  0%| F|  |TAMS 0x000000008bd00000, 0x000000008bd00000| Untracked 
| 190|0x000000008be00000, 0x000000008be00000, 0x000000008bf00000|  0%| F|  |TAMS 0x000000008be00000, 0x000000008be00000| Untracked 
| 191|0x000000008bf00000, 0x000000008bf00000, 0x000000008c000000|  0%| F|  |TAMS 0x000000008bf00000, 0x000000008bf00000| Untracked 
| 192|0x000000008c000000, 0x000000008c000000, 0x000000008c100000|  0%| F|  |TAMS 0x000000008c000000, 0x000000008c000000| Untracked 
| 193|0x000000008c100000, 0x000000008c100000, 0x000000008c200000|  0%| F|  |TAMS 0x000000008c100000, 0x000000008c100000| Untracked 
| 194|0x000000008c200000, 0x000000008c200000, 0x000000008c300000|  0%| F|  |TAMS 0x000000008c200000, 0x000000008c200000| Untracked 
| 195|0x000000008c300000, 0x000000008c300000, 0x000000008c400000|  0%| F|  |TAMS 0x000000008c300000, 0x000000008c300000| Untracked 
| 196|0x000000008c400000, 0x000000008c400000, 0x000000008c500000|  0%| F|  |TAMS 0x000000008c400000, 0x000000008c400000| Untracked 
| 197|0x000000008c500000, 0x000000008c500000, 0x000000008c600000|  0%| F|  |TAMS 0x000000008c500000, 0x000000008c500000| Untracked 
| 198|0x000000008c600000, 0x000000008c600000, 0x000000008c700000|  0%| F|  |TAMS 0x000000008c600000, 0x000000008c600000| Untracked 
| 199|0x000000008c700000, 0x000000008c700000, 0x000000008c800000|  0%| F|  |TAMS 0x000000008c700000, 0x000000008c700000| Untracked 
| 200|0x000000008c800000, 0x000000008c800000, 0x000000008c900000|  0%| F|  |TAMS 0x000000008c800000, 0x000000008c800000| Untracked 
| 201|0x000000008c900000, 0x000000008c900000, 0x000000008ca00000|  0%| F|  |TAMS 0x000000008c900000, 0x000000008c900000| Untracked 
| 202|0x000000008ca00000, 0x000000008ca00000, 0x000000008cb00000|  0%| F|  |TAMS 0x000000008ca00000, 0x000000008ca00000| Untracked 
| 203|0x000000008cb00000, 0x000000008cb00000, 0x000000008cc00000|  0%| F|  |TAMS 0x000000008cb00000, 0x000000008cb00000| Untracked 
| 204|0x000000008cc00000, 0x000000008cc00000, 0x000000008cd00000|  0%| F|  |TAMS 0x000000008cc00000, 0x000000008cc00000| Untracked 
| 205|0x000000008cd00000, 0x000000008cd00000, 0x000000008ce00000|  0%| F|  |TAMS 0x000000008cd00000, 0x000000008cd00000| Untracked 
| 206|0x000000008ce00000, 0x000000008ce00000, 0x000000008cf00000|  0%| F|  |TAMS 0x000000008ce00000, 0x000000008ce00000| Untracked 
| 207|0x000000008cf00000, 0x000000008cf00000, 0x000000008d000000|  0%| F|  |TAMS 0x000000008cf00000, 0x000000008cf00000| Untracked 
| 208|0x000000008d000000, 0x000000008d000000, 0x000000008d100000|  0%| F|  |TAMS 0x000000008d000000, 0x000000008d000000| Untracked 
| 209|0x000000008d100000, 0x000000008d100000, 0x000000008d200000|  0%| F|  |TAMS 0x000000008d100000, 0x000000008d100000| Untracked 
| 210|0x000000008d200000, 0x000000008d200000, 0x000000008d300000|  0%| F|  |TAMS 0x000000008d200000, 0x000000008d200000| Untracked 
| 211|0x000000008d300000, 0x000000008d300000, 0x000000008d400000|  0%| F|  |TAMS 0x000000008d300000, 0x000000008d300000| Untracked 
| 212|0x000000008d400000, 0x000000008d400000, 0x000000008d500000|  0%| F|  |TAMS 0x000000008d400000, 0x000000008d400000| Untracked 
| 213|0x000000008d500000, 0x000000008d500000, 0x000000008d600000|  0%| F|  |TAMS 0x000000008d500000, 0x000000008d500000| Untracked 
| 214|0x000000008d600000, 0x000000008d600000, 0x000000008d700000|  0%| F|  |TAMS 0x000000008d600000, 0x000000008d600000| Untracked 
| 215|0x000000008d700000, 0x000000008d700000, 0x000000008d800000|  0%| F|  |TAMS 0x000000008d700000, 0x000000008d700000| Untracked 
| 216|0x000000008d800000, 0x000000008d800000, 0x000000008d900000|  0%| F|  |TAMS 0x000000008d800000, 0x000000008d800000| Untracked 
| 217|0x000000008d900000, 0x000000008d900000, 0x000000008da00000|  0%| F|  |TAMS 0x000000008d900000, 0x000000008d900000| Untracked 
| 218|0x000000008da00000, 0x000000008da00000, 0x000000008db00000|  0%| F|  |TAMS 0x000000008da00000, 0x000000008da00000| Untracked 
| 219|0x000000008db00000, 0x000000008db00000, 0x000000008dc00000|  0%| F|  |TAMS 0x000000008db00000, 0x000000008db00000| Untracked 
| 220|0x000000008dc00000, 0x000000008dc00000, 0x000000008dd00000|  0%| F|  |TAMS 0x000000008dc00000, 0x000000008dc00000| Untracked 
| 221|0x000000008dd00000, 0x000000008dd00000, 0x000000008de00000|  0%| F|  |TAMS 0x000000008dd00000, 0x000000008dd00000| Untracked 
| 222|0x000000008de00000, 0x000000008de00000, 0x000000008df00000|  0%| F|  |TAMS 0x000000008de00000, 0x000000008de00000| Untracked 
| 223|0x000000008df00000, 0x000000008df00000, 0x000000008e000000|  0%| F|  |TAMS 0x000000008df00000, 0x000000008df00000| Untracked 
| 224|0x000000008e000000, 0x000000008e000000, 0x000000008e100000|  0%| F|  |TAMS 0x000000008e000000, 0x000000008e000000| Untracked 
| 225|0x000000008e100000, 0x000000008e200000, 0x000000008e200000|100%| O|  |TAMS 0x000000008e200000, 0x000000008e100000| Untracked 
| 226|0x000000008e200000, 0x000000008e300000, 0x000000008e300000|100%| O|  |TAMS 0x000000008e300000, 0x000000008e200000| Untracked 
| 227|0x000000008e300000, 0x000000008e300000, 0x000000008e400000|  0%| F|  |TAMS 0x000000008e300000, 0x000000008e300000| Untracked 
| 228|0x000000008e400000, 0x000000008e400000, 0x000000008e500000|  0%| F|  |TAMS 0x000000008e400000, 0x000000008e400000| Untracked 
| 229|0x000000008e500000, 0x000000008e500000, 0x000000008e600000|  0%| F|  |TAMS 0x000000008e500000, 0x000000008e500000| Untracked 
| 230|0x000000008e600000, 0x000000008e600000, 0x000000008e700000|  0%| F|  |TAMS 0x000000008e600000, 0x000000008e600000| Untracked 
| 231|0x000000008e700000, 0x000000008e700000, 0x000000008e800000|  0%| F|  |TAMS 0x000000008e700000, 0x000000008e700000| Untracked 
| 232|0x000000008e800000, 0x000000008e800000, 0x000000008e900000|  0%| F|  |TAMS 0x000000008e800000, 0x000000008e800000| Untracked 
| 233|0x000000008e900000, 0x000000008e900000, 0x000000008ea00000|  0%| F|  |TAMS 0x000000008e900000, 0x000000008e900000| Untracked 
| 234|0x000000008ea00000, 0x000000008ea00000, 0x000000008eb00000|  0%| F|  |TAMS 0x000000008ea00000, 0x000000008ea00000| Untracked 
| 235|0x000000008eb00000, 0x000000008eb00000, 0x000000008ec00000|  0%| F|  |TAMS 0x000000008eb00000, 0x000000008eb00000| Untracked 
| 236|0x000000008ec00000, 0x000000008ec00000, 0x000000008ed00000|  0%| F|  |TAMS 0x000000008ec00000, 0x000000008ec00000| Untracked 
| 237|0x000000008ed00000, 0x000000008ed00000, 0x000000008ee00000|  0%| F|  |TAMS 0x000000008ed00000, 0x000000008ed00000| Untracked 
| 238|0x000000008ee00000, 0x000000008ee00000, 0x000000008ef00000|  0%| F|  |TAMS 0x000000008ee00000, 0x000000008ee00000| Untracked 
| 239|0x000000008ef00000, 0x000000008ef00000, 0x000000008f000000|  0%| F|  |TAMS 0x000000008ef00000, 0x000000008ef00000| Untracked 
| 240|0x000000008f000000, 0x000000008f000000, 0x000000008f100000|  0%| F|  |TAMS 0x000000008f000000, 0x000000008f000000| Untracked 
| 241|0x000000008f100000, 0x000000008f100000, 0x000000008f200000|  0%| F|  |TAMS 0x000000008f100000, 0x000000008f100000| Untracked 
| 242|0x000000008f200000, 0x000000008f200000, 0x000000008f300000|  0%| F|  |TAMS 0x000000008f200000, 0x000000008f200000| Untracked 
| 243|0x000000008f300000, 0x000000008f300000, 0x000000008f400000|  0%| F|  |TAMS 0x000000008f300000, 0x000000008f300000| Untracked 
| 244|0x000000008f400000, 0x000000008f400000, 0x000000008f500000|  0%| F|  |TAMS 0x000000008f400000, 0x000000008f400000| Untracked 
| 245|0x000000008f500000, 0x000000008f500000, 0x000000008f600000|  0%| F|  |TAMS 0x000000008f500000, 0x000000008f500000| Untracked 
| 246|0x000000008f600000, 0x000000008f600000, 0x000000008f700000|  0%| F|  |TAMS 0x000000008f600000, 0x000000008f600000| Untracked 
| 247|0x000000008f700000, 0x000000008f700000, 0x000000008f800000|  0%| F|  |TAMS 0x000000008f700000, 0x000000008f700000| Untracked 
| 248|0x000000008f800000, 0x000000008f800000, 0x000000008f900000|  0%| F|  |TAMS 0x000000008f800000, 0x000000008f800000| Untracked 
| 249|0x000000008f900000, 0x000000008f900000, 0x000000008fa00000|  0%| F|  |TAMS 0x000000008f900000, 0x000000008f900000| Untracked 
| 250|0x000000008fa00000, 0x000000008fa00000, 0x000000008fb00000|  0%| F|  |TAMS 0x000000008fa00000, 0x000000008fa00000| Untracked 
| 251|0x000000008fb00000, 0x000000008fb00000, 0x000000008fc00000|  0%| F|  |TAMS 0x000000008fb00000, 0x000000008fb00000| Untracked 
| 252|0x000000008fc00000, 0x000000008fc00000, 0x000000008fd00000|  0%| F|  |TAMS 0x000000008fc00000, 0x000000008fc00000| Untracked 
| 253|0x000000008fd00000, 0x000000008fd00000, 0x000000008fe00000|  0%| F|  |TAMS 0x000000008fd00000, 0x000000008fd00000| Untracked 
| 254|0x000000008fe00000, 0x000000008fe00000, 0x000000008ff00000|  0%| F|  |TAMS 0x000000008fe00000, 0x000000008fe00000| Untracked 
| 255|0x000000008ff00000, 0x000000008ff00000, 0x0000000090000000|  0%| F|  |TAMS 0x000000008ff00000, 0x000000008ff00000| Untracked 
| 256|0x0000000090000000, 0x0000000090000000, 0x0000000090100000|  0%| F|  |TAMS 0x0000000090000000, 0x0000000090000000| Untracked 
| 257|0x0000000090100000, 0x0000000090100000, 0x0000000090200000|  0%| F|  |TAMS 0x0000000090100000, 0x0000000090100000| Untracked 
| 258|0x0000000090200000, 0x0000000090200000, 0x0000000090300000|  0%| F|  |TAMS 0x0000000090200000, 0x0000000090200000| Untracked 
| 259|0x0000000090300000, 0x0000000090300000, 0x0000000090400000|  0%| F|  |TAMS 0x0000000090300000, 0x0000000090300000| Untracked 
| 260|0x0000000090400000, 0x0000000090400000, 0x0000000090500000|  0%| F|  |TAMS 0x0000000090400000, 0x0000000090400000| Untracked 
| 261|0x0000000090500000, 0x0000000090500000, 0x0000000090600000|  0%| F|  |TAMS 0x0000000090500000, 0x0000000090500000| Untracked 
| 262|0x0000000090600000, 0x0000000090600000, 0x0000000090700000|  0%| F|  |TAMS 0x0000000090600000, 0x0000000090600000| Untracked 
| 263|0x0000000090700000, 0x0000000090700000, 0x0000000090800000|  0%| F|  |TAMS 0x0000000090700000, 0x0000000090700000| Untracked 
| 264|0x0000000090800000, 0x0000000090800000, 0x0000000090900000|  0%| F|  |TAMS 0x0000000090800000, 0x0000000090800000| Untracked 
| 265|0x0000000090900000, 0x0000000090900000, 0x0000000090a00000|  0%| F|  |TAMS 0x0000000090900000, 0x0000000090900000| Untracked 
| 266|0x0000000090a00000, 0x0000000090a00000, 0x0000000090b00000|  0%| F|  |TAMS 0x0000000090a00000, 0x0000000090a00000| Untracked 
| 267|0x0000000090b00000, 0x0000000090b00000, 0x0000000090c00000|  0%| F|  |TAMS 0x0000000090b00000, 0x0000000090b00000| Untracked 
| 268|0x0000000090c00000, 0x0000000090c00000, 0x0000000090d00000|  0%| F|  |TAMS 0x0000000090c00000, 0x0000000090c00000| Untracked 
| 269|0x0000000090d00000, 0x0000000090d00000, 0x0000000090e00000|  0%| F|  |TAMS 0x0000000090d00000, 0x0000000090d00000| Untracked 
| 270|0x0000000090e00000, 0x0000000090e00000, 0x0000000090f00000|  0%| F|  |TAMS 0x0000000090e00000, 0x0000000090e00000| Untracked 
| 271|0x0000000090f00000, 0x0000000090f00000, 0x0000000091000000|  0%| F|  |TAMS 0x0000000090f00000, 0x0000000090f00000| Untracked 
| 272|0x0000000091000000, 0x0000000091000000, 0x0000000091100000|  0%| F|  |TAMS 0x0000000091000000, 0x0000000091000000| Untracked 
| 273|0x0000000091100000, 0x0000000091100000, 0x0000000091200000|  0%| F|  |TAMS 0x0000000091100000, 0x0000000091100000| Untracked 
| 274|0x0000000091200000, 0x0000000091200000, 0x0000000091300000|  0%| F|  |TAMS 0x0000000091200000, 0x0000000091200000| Untracked 
| 275|0x0000000091300000, 0x0000000091300000, 0x0000000091400000|  0%| F|  |TAMS 0x0000000091300000, 0x0000000091300000| Untracked 
| 276|0x0000000091400000, 0x0000000091400000, 0x0000000091500000|  0%| F|  |TAMS 0x0000000091400000, 0x0000000091400000| Untracked 
| 277|0x0000000091500000, 0x0000000091500000, 0x0000000091600000|  0%| F|  |TAMS 0x0000000091500000, 0x0000000091500000| Untracked 
| 278|0x0000000091600000, 0x0000000091600000, 0x0000000091700000|  0%| F|  |TAMS 0x0000000091600000, 0x0000000091600000| Untracked 
| 279|0x0000000091700000, 0x0000000091700000, 0x0000000091800000|  0%| F|  |TAMS 0x0000000091700000, 0x0000000091700000| Untracked 
| 280|0x0000000091800000, 0x0000000091800000, 0x0000000091900000|  0%| F|  |TAMS 0x0000000091800000, 0x0000000091800000| Untracked 
| 281|0x0000000091900000, 0x0000000091900000, 0x0000000091a00000|  0%| F|  |TAMS 0x0000000091900000, 0x0000000091900000| Untracked 
| 282|0x0000000091a00000, 0x0000000091a00000, 0x0000000091b00000|  0%| F|  |TAMS 0x0000000091a00000, 0x0000000091a00000| Untracked 
| 283|0x0000000091b00000, 0x0000000091b00000, 0x0000000091c00000|  0%| F|  |TAMS 0x0000000091b00000, 0x0000000091b00000| Untracked 
| 284|0x0000000091c00000, 0x0000000091c00000, 0x0000000091d00000|  0%| F|  |TAMS 0x0000000091c00000, 0x0000000091c00000| Untracked 
| 285|0x0000000091d00000, 0x0000000091d00000, 0x0000000091e00000|  0%| F|  |TAMS 0x0000000091d00000, 0x0000000091d00000| Untracked 
| 286|0x0000000091e00000, 0x0000000091e00000, 0x0000000091f00000|  0%| F|  |TAMS 0x0000000091e00000, 0x0000000091e00000| Untracked 
| 287|0x0000000091f00000, 0x0000000091f00000, 0x0000000092000000|  0%| F|  |TAMS 0x0000000091f00000, 0x0000000091f00000| Untracked 
| 288|0x0000000092000000, 0x0000000092000000, 0x0000000092100000|  0%| F|  |TAMS 0x0000000092000000, 0x0000000092000000| Untracked 
| 289|0x0000000092100000, 0x0000000092100000, 0x0000000092200000|  0%| F|  |TAMS 0x0000000092100000, 0x0000000092100000| Untracked 
| 290|0x0000000092200000, 0x0000000092200000, 0x0000000092300000|  0%| F|  |TAMS 0x0000000092200000, 0x0000000092200000| Untracked 
| 291|0x0000000092300000, 0x0000000092300000, 0x0000000092400000|  0%| F|  |TAMS 0x0000000092300000, 0x0000000092300000| Untracked 
| 292|0x0000000092400000, 0x0000000092400000, 0x0000000092500000|  0%| F|  |TAMS 0x0000000092400000, 0x0000000092400000| Untracked 
| 293|0x0000000092500000, 0x0000000092500000, 0x0000000092600000|  0%| F|  |TAMS 0x0000000092500000, 0x0000000092500000| Untracked 
| 294|0x0000000092600000, 0x0000000092600000, 0x0000000092700000|  0%| F|  |TAMS 0x0000000092600000, 0x0000000092600000| Untracked 
| 295|0x0000000092700000, 0x0000000092700000, 0x0000000092800000|  0%| F|  |TAMS 0x0000000092700000, 0x0000000092700000| Untracked 
| 296|0x0000000092800000, 0x0000000092800000, 0x0000000092900000|  0%| F|  |TAMS 0x0000000092800000, 0x0000000092800000| Untracked 
| 297|0x0000000092900000, 0x0000000092900000, 0x0000000092a00000|  0%| F|  |TAMS 0x0000000092900000, 0x0000000092900000| Untracked 
| 298|0x0000000092a00000, 0x0000000092a00000, 0x0000000092b00000|  0%| F|  |TAMS 0x0000000092a00000, 0x0000000092a00000| Untracked 
| 299|0x0000000092b00000, 0x0000000092b00000, 0x0000000092c00000|  0%| F|  |TAMS 0x0000000092b00000, 0x0000000092b00000| Untracked 
| 300|0x0000000092c00000, 0x0000000092c00000, 0x0000000092d00000|  0%| F|  |TAMS 0x0000000092c00000, 0x0000000092c00000| Untracked 
| 301|0x0000000092d00000, 0x0000000092d00000, 0x0000000092e00000|  0%| F|  |TAMS 0x0000000092d00000, 0x0000000092d00000| Untracked 
| 302|0x0000000092e00000, 0x0000000092e00000, 0x0000000092f00000|  0%| F|  |TAMS 0x0000000092e00000, 0x0000000092e00000| Untracked 
| 303|0x0000000092f00000, 0x0000000092f00000, 0x0000000093000000|  0%| F|  |TAMS 0x0000000092f00000, 0x0000000092f00000| Untracked 
| 304|0x0000000093000000, 0x0000000093000000, 0x0000000093100000|  0%| F|  |TAMS 0x0000000093000000, 0x0000000093000000| Untracked 
| 305|0x0000000093100000, 0x0000000093100000, 0x0000000093200000|  0%| F|  |TAMS 0x0000000093100000, 0x0000000093100000| Untracked 
| 306|0x0000000093200000, 0x0000000093200000, 0x0000000093300000|  0%| F|  |TAMS 0x0000000093200000, 0x0000000093200000| Untracked 
| 307|0x0000000093300000, 0x0000000093300000, 0x0000000093400000|  0%| F|  |TAMS 0x0000000093300000, 0x0000000093300000| Untracked 
| 308|0x0000000093400000, 0x0000000093400000, 0x0000000093500000|  0%| F|  |TAMS 0x0000000093400000, 0x0000000093400000| Untracked 
| 309|0x0000000093500000, 0x0000000093500000, 0x0000000093600000|  0%| F|  |TAMS 0x0000000093500000, 0x0000000093500000| Untracked 
| 310|0x0000000093600000, 0x0000000093600000, 0x0000000093700000|  0%| F|  |TAMS 0x0000000093600000, 0x0000000093600000| Untracked 
| 311|0x0000000093700000, 0x0000000093700000, 0x0000000093800000|  0%| F|  |TAMS 0x0000000093700000, 0x0000000093700000| Untracked 
| 312|0x0000000093800000, 0x0000000093800000, 0x0000000093900000|  0%| F|  |TAMS 0x0000000093800000, 0x0000000093800000| Untracked 
| 313|0x0000000093900000, 0x0000000093900000, 0x0000000093a00000|  0%| F|  |TAMS 0x0000000093900000, 0x0000000093900000| Untracked 
| 314|0x0000000093a00000, 0x0000000093a00000, 0x0000000093b00000|  0%| F|  |TAMS 0x0000000093a00000, 0x0000000093a00000| Untracked 
| 315|0x0000000093b00000, 0x0000000093b00000, 0x0000000093c00000|  0%| F|  |TAMS 0x0000000093b00000, 0x0000000093b00000| Untracked 
| 316|0x0000000093c00000, 0x0000000093c00000, 0x0000000093d00000|  0%| F|  |TAMS 0x0000000093c00000, 0x0000000093c00000| Untracked 
| 317|0x0000000093d00000, 0x0000000093d00000, 0x0000000093e00000|  0%| F|  |TAMS 0x0000000093d00000, 0x0000000093d00000| Untracked 
| 318|0x0000000093e00000, 0x0000000093e00000, 0x0000000093f00000|  0%| F|  |TAMS 0x0000000093e00000, 0x0000000093e00000| Untracked 
| 319|0x0000000093f00000, 0x0000000093f00000, 0x0000000094000000|  0%| F|  |TAMS 0x0000000093f00000, 0x0000000093f00000| Untracked 
| 320|0x0000000094000000, 0x0000000094000000, 0x0000000094100000|  0%| F|  |TAMS 0x0000000094000000, 0x0000000094000000| Untracked 
| 321|0x0000000094100000, 0x0000000094100000, 0x0000000094200000|  0%| F|  |TAMS 0x0000000094100000, 0x0000000094100000| Untracked 
| 322|0x0000000094200000, 0x0000000094200000, 0x0000000094300000|  0%| F|  |TAMS 0x0000000094200000, 0x0000000094200000| Untracked 
| 323|0x0000000094300000, 0x0000000094300000, 0x0000000094400000|  0%| F|  |TAMS 0x0000000094300000, 0x0000000094300000| Untracked 
| 324|0x0000000094400000, 0x0000000094400000, 0x0000000094500000|  0%| F|  |TAMS 0x0000000094400000, 0x0000000094400000| Untracked 
| 325|0x0000000094500000, 0x0000000094500000, 0x0000000094600000|  0%| F|  |TAMS 0x0000000094500000, 0x0000000094500000| Untracked 
| 326|0x0000000094600000, 0x0000000094600000, 0x0000000094700000|  0%| F|  |TAMS 0x0000000094600000, 0x0000000094600000| Untracked 
| 327|0x0000000094700000, 0x0000000094700000, 0x0000000094800000|  0%| F|  |TAMS 0x0000000094700000, 0x0000000094700000| Untracked 
| 328|0x0000000094800000, 0x0000000094800000, 0x0000000094900000|  0%| F|  |TAMS 0x0000000094800000, 0x0000000094800000| Untracked 
| 329|0x0000000094900000, 0x0000000094900000, 0x0000000094a00000|  0%| F|  |TAMS 0x0000000094900000, 0x0000000094900000| Untracked 
| 330|0x0000000094a00000, 0x0000000094a00000, 0x0000000094b00000|  0%| F|  |TAMS 0x0000000094a00000, 0x0000000094a00000| Untracked 
| 331|0x0000000094b00000, 0x0000000094b00000, 0x0000000094c00000|  0%| F|  |TAMS 0x0000000094b00000, 0x0000000094b00000| Untracked 
| 332|0x0000000094c00000, 0x0000000094c00000, 0x0000000094d00000|  0%| F|  |TAMS 0x0000000094c00000, 0x0000000094c00000| Untracked 
| 333|0x0000000094d00000, 0x0000000094d00000, 0x0000000094e00000|  0%| F|  |TAMS 0x0000000094d00000, 0x0000000094d00000| Untracked 
| 334|0x0000000094e00000, 0x0000000094e00000, 0x0000000094f00000|  0%| F|  |TAMS 0x0000000094e00000, 0x0000000094e00000| Untracked 
| 335|0x0000000094f00000, 0x0000000094f00000, 0x0000000095000000|  0%| F|  |TAMS 0x0000000094f00000, 0x0000000094f00000| Untracked 
| 336|0x0000000095000000, 0x0000000095000000, 0x0000000095100000|  0%| F|  |TAMS 0x0000000095000000, 0x0000000095000000| Untracked 
| 337|0x0000000095100000, 0x00000000951f31d8, 0x0000000095200000| 94%| S|CS|TAMS 0x0000000095100000, 0x0000000095100000| Complete 
| 338|0x0000000095200000, 0x0000000095200000, 0x0000000095300000|  0%| F|  |TAMS 0x0000000095200000, 0x0000000095200000| Untracked 
| 339|0x0000000095300000, 0x0000000095300000, 0x0000000095400000|  0%| F|  |TAMS 0x0000000095300000, 0x0000000095300000| Untracked 
| 340|0x0000000095400000, 0x0000000095400000, 0x0000000095500000|  0%| F|  |TAMS 0x0000000095400000, 0x0000000095400000| Untracked 
| 341|0x0000000095500000, 0x0000000095500000, 0x0000000095600000|  0%| F|  |TAMS 0x0000000095500000, 0x0000000095500000| Untracked 
| 342|0x0000000095600000, 0x0000000095600000, 0x0000000095700000|  0%| F|  |TAMS 0x0000000095600000, 0x0000000095600000| Untracked 
| 343|0x0000000095700000, 0x0000000095700000, 0x0000000095800000|  0%| F|  |TAMS 0x0000000095700000, 0x0000000095700000| Untracked 
| 344|0x0000000095800000, 0x0000000095800000, 0x0000000095900000|  0%| F|  |TAMS 0x0000000095800000, 0x0000000095800000| Untracked 
| 345|0x0000000095900000, 0x0000000095900000, 0x0000000095a00000|  0%| F|  |TAMS 0x0000000095900000, 0x0000000095900000| Untracked 
| 346|0x0000000095a00000, 0x0000000095a00000, 0x0000000095b00000|  0%| F|  |TAMS 0x0000000095a00000, 0x0000000095a00000| Untracked 
| 347|0x0000000095b00000, 0x0000000095b00000, 0x0000000095c00000|  0%| F|  |TAMS 0x0000000095b00000, 0x0000000095b00000| Untracked 
| 348|0x0000000095c00000, 0x0000000095c00000, 0x0000000095d00000|  0%| F|  |TAMS 0x0000000095c00000, 0x0000000095c00000| Untracked 
| 349|0x0000000095d00000, 0x0000000095d00000, 0x0000000095e00000|  0%| F|  |TAMS 0x0000000095d00000, 0x0000000095d00000| Untracked 
| 350|0x0000000095e00000, 0x0000000095e00000, 0x0000000095f00000|  0%| F|  |TAMS 0x0000000095e00000, 0x0000000095e00000| Untracked 
| 351|0x0000000095f00000, 0x0000000095f00000, 0x0000000096000000|  0%| F|  |TAMS 0x0000000095f00000, 0x0000000095f00000| Untracked 
| 352|0x0000000096000000, 0x0000000096000000, 0x0000000096100000|  0%| F|  |TAMS 0x0000000096000000, 0x0000000096000000| Untracked 
| 353|0x0000000096100000, 0x0000000096100000, 0x0000000096200000|  0%| F|  |TAMS 0x0000000096100000, 0x0000000096100000| Untracked 

Card table byte_map: [0x00000018f5fa0000,0x00000018f63a0000] _byte_map_base: 0x00000018f5ba0000

Marking Bits (Prev, Next): (CMBitMap*) 0x00000018f2107830, (CMBitMap*) 0x00000018f21077f8
 Prev Bits: [0x00000018f87a0000, 0x00000018fa7a0000)
 Next Bits: [0x00000018f67a0000, 0x00000018f87a0000)

Polling page: 0x00000018f1870000

Metaspace:

Usage:
  Non-class:    107.88 MB capacity,   106.05 MB ( 98%) used,     1.44 MB (  1%) free+waste,   403.75 KB ( <1%) overhead. 
      Class:     16.08 MB capacity,    14.93 MB ( 93%) used,  1006.55 KB (  6%) free+waste,   171.00 KB (  1%) overhead. 
       Both:    123.96 MB capacity,   120.98 MB ( 98%) used,     2.42 MB (  2%) free+waste,   574.75 KB ( <1%) overhead. 

Virtual space:
  Non-class space:      110.00 MB reserved,     108.12 MB ( 98%) committed 
      Class space:        1.00 GB reserved,      16.13 MB (  2%) committed 
             Both:        1.11 GB reserved,     124.25 MB ( 11%) committed 

Chunk freelists:
   Non-Class:  55.00 KB
       Class:  45.00 KB
        Both:  100.00 KB

MaxMetaspaceSize: 17179869184.00 GB
CompressedClassSpaceSize: 1.00 GB
Initial GC threshold: 20.80 MB
Current GC threshold: 204.37 MB
CDS: off

CodeHeap 'non-profiled nmethods': size=120064Kb used=18386Kb max_used=18386Kb free=101677Kb
 bounds [0x0000001887ac0000, 0x0000001888cc0000, 0x000000188f000000]
CodeHeap 'profiled nmethods': size=120000Kb used=49405Kb max_used=49405Kb free=70594Kb
 bounds [0x0000001880590000, 0x00000018835e0000, 0x0000001887ac0000]
CodeHeap 'non-nmethods': size=5696Kb used=2458Kb max_used=2536Kb free=3237Kb
 bounds [0x0000001880000000, 0x0000001880280000, 0x0000001880590000]
 total_blobs=21869 nmethods=20886 adapters=894
 compilation: enabled
              stopped_count=0, restarted_count=0
 full_count=0

Compilation events (20 events):
Event: 1107.963 Thread 0x000000189cbd9000 nmethod 25811 0x0000001888c8a710 code [0x0000001888c8a8e0, 0x0000001888c8b198]
Event: 1107.963 Thread 0x000000189cbd9000 25812       4       org.objectweb.asm.ClassReader::readField (667 bytes)
Event: 1108.151 Thread 0x00000018fcfc2000 nmethod 25735 0x0000001888c8b490 code [0x0000001888c8bb00, 0x0000001888c906a8]
Event: 1108.151 Thread 0x00000018fcfc2000 25813       4       org.gradle.internal.normalization.java.impl.ApiMemberSelector::visitField (80 bytes)
Event: 1108.167 Thread 0x00000018fcfc2000 nmethod 25813 0x0000001888c93e10 code [0x0000001888c94000, 0x0000001888c94828]
Event: 1108.168 Thread 0x00000018fcfc2000 25805       4       org.objectweb.asm.ClassReader::accept (1404 bytes)
Event: 1109.482 Thread 0x00000018fcfc8000 25818       2       org.objectweb.asm.ByteVector::putLong (145 bytes)
Event: 1109.956 Thread 0x00000018fcfc2000 nmethod 25805 0x0000001888c94c90 code [0x0000001888c952e0, 0x0000001888ca0b68]
Event: 1109.956 Thread 0x00000018fcfc2000 25816       4       org.objectweb.asm.SymbolTable::addConstant (330 bytes)
Event: 1110.140 Thread 0x00000018fcfc8000 nmethod 25818 0x00000018835d8210 code [0x00000018835d83e0, 0x00000018835d8688]
Event: 1110.421 Thread 0x000000189cbd9000 nmethod 25812 0x0000001888ca5e90 code [0x0000001888ca63c0, 0x0000001888cabdc0]
Event: 1110.421 Thread 0x000000189cbd9000 25815       4       org.gradle.internal.normalization.java.impl.ApiMemberWriter::writeClass (230 bytes)
Event: 1111.796 Thread 0x00000018fcfc8000 25825       2       org.objectweb.asm.AnnotationWriter::visitAnnotation (73 bytes)
Event: 1111.797 Thread 0x00000018fcfc8000 nmethod 25825 0x00000018835d8890 code [0x00000018835d8aa0, 0x00000018835d8d58]
Event: 1112.099 Thread 0x00000018fcfc2000 nmethod 25816 0x0000001888caee10 code [0x0000001888caf1c0, 0x0000001888cb3078]
Event: 1112.100 Thread 0x00000018fcfc2000 25781       4       org.objectweb.asm.ClassReader::readElementValues (88 bytes)
Event: 1112.109 Thread 0x00000018fcfc8000 25826       2       com.google.common.collect.RegularImmutableSortedSet::internalArrayStart (8 bytes)
Event: 1112.110 Thread 0x00000018fcfc8000 nmethod 25826 0x00000018835d8f90 code [0x00000018835d9140, 0x00000018835d9268]
Event: 1112.110 Thread 0x00000018fcfc8000 25827       2       com.google.common.collect.RegularImmutableSortedSet::internalArrayEnd (8 bytes)
Event: 1112.110 Thread 0x00000018fcfc8000 nmethod 25827 0x00000018835d9310 code [0x00000018835d94c0, 0x00000018835d95e8]

GC Heap History (20 events):
Event: 1104.258 GC heap after
{Heap after GC invocations=214 (full 0):
 garbage-first heap   total 362496K, used 109159K [0x0000000080000000, 0x0000000100000000)
  region size 1024K, 1 young (1024K), 1 survivors (1024K)
 Metaspace       used 123878K, capacity 126872K, committed 126972K, reserved 1159168K
  class space    used 15289K, capacity 16467K, committed 16512K, reserved 1048576K
}
Event: 1104.667 GC heap before
{Heap before GC invocations=214 (full 0):
 garbage-first heap   total 362496K, used 125543K [0x0000000080000000, 0x0000000100000000)
  region size 1024K, 17 young (17408K), 1 survivors (1024K)
 Metaspace       used 123879K, capacity 126872K, committed 126972K, reserved 1159168K
  class space    used 15289K, capacity 16467K, committed 16512K, reserved 1048576K
}
Event: 1104.690 GC heap after
{Heap after GC invocations=215 (full 0):
 garbage-first heap   total 362496K, used 109016K [0x0000000080000000, 0x0000000100000000)
  region size 1024K, 1 young (1024K), 1 survivors (1024K)
 Metaspace       used 123879K, capacity 126872K, committed 126972K, reserved 1159168K
  class space    used 15289K, capacity 16467K, committed 16512K, reserved 1048576K
}
Event: 1107.788 GC heap before
{Heap before GC invocations=215 (full 0):
 garbage-first heap   total 362496K, used 127448K [0x0000000080000000, 0x0000000100000000)
  region size 1024K, 17 young (17408K), 1 survivors (1024K)
 Metaspace       used 123881K, capacity 126872K, committed 126972K, reserved 1159168K
  class space    used 15289K, capacity 16467K, committed 16512K, reserved 1048576K
}
Event: 1107.811 GC heap after
{Heap after GC invocations=216 (full 0):
 garbage-first heap   total 362496K, used 111214K [0x0000000080000000, 0x0000000100000000)
  region size 1024K, 1 young (1024K), 1 survivors (1024K)
 Metaspace       used 123881K, capacity 126872K, committed 126972K, reserved 1159168K
  class space    used 15289K, capacity 16467K, committed 16512K, reserved 1048576K
}
Event: 1108.036 GC heap before
{Heap before GC invocations=216 (full 0):
 garbage-first heap   total 362496K, used 127598K [0x0000000080000000, 0x0000000100000000)
  region size 1024K, 17 young (17408K), 1 survivors (1024K)
 Metaspace       used 123881K, capacity 126872K, committed 126972K, reserved 1159168K
  class space    used 15289K, capacity 16467K, committed 16512K, reserved 1048576K
}
Event: 1108.107 GC heap after
{Heap after GC invocations=217 (full 0):
 garbage-first heap   total 362496K, used 111361K [0x0000000080000000, 0x0000000100000000)
  region size 1024K, 2 young (2048K), 2 survivors (2048K)
 Metaspace       used 123881K, capacity 126872K, committed 126972K, reserved 1159168K
  class space    used 15289K, capacity 16467K, committed 16512K, reserved 1048576K
}
Event: 1108.236 GC heap before
{Heap before GC invocations=217 (full 0):
 garbage-first heap   total 362496K, used 126721K [0x0000000080000000, 0x0000000100000000)
  region size 1024K, 17 young (17408K), 2 survivors (2048K)
 Metaspace       used 123881K, capacity 126872K, committed 126972K, reserved 1159168K
  class space    used 15289K, capacity 16467K, committed 16512K, reserved 1048576K
}
Event: 1108.269 GC heap after
{Heap after GC invocations=218 (full 0):
 garbage-first heap   total 362496K, used 111365K [0x0000000080000000, 0x0000000100000000)
  region size 1024K, 2 young (2048K), 2 survivors (2048K)
 Metaspace       used 123881K, capacity 126872K, committed 126972K, reserved 1159168K
  class space    used 15289K, capacity 16467K, committed 16512K, reserved 1048576K
}
Event: 1108.698 GC heap before
{Heap before GC invocations=218 (full 0):
 garbage-first heap   total 362496K, used 127749K [0x0000000080000000, 0x0000000100000000)
  region size 1024K, 18 young (18432K), 2 survivors (2048K)
 Metaspace       used 123881K, capacity 126872K, committed 126972K, reserved 1159168K
  class space    used 15289K, capacity 16467K, committed 16512K, reserved 1048576K
}
Event: 1109.465 GC heap after
{Heap after GC invocations=219 (full 0):
 garbage-first heap   total 362496K, used 111555K [0x0000000080000000, 0x0000000100000000)
  region size 1024K, 2 young (2048K), 2 survivors (2048K)
 Metaspace       used 123881K, capacity 126872K, committed 126972K, reserved 1159168K
  class space    used 15289K, capacity 16467K, committed 16512K, reserved 1048576K
}
Event: 1109.601 GC heap before
{Heap before GC invocations=219 (full 0):
 garbage-first heap   total 362496K, used 126915K [0x0000000080000000, 0x0000000100000000)
  region size 1024K, 17 young (17408K), 2 survivors (2048K)
 Metaspace       used 123881K, capacity 126872K, committed 126972K, reserved 1159168K
  class space    used 15289K, capacity 16467K, committed 16512K, reserved 1048576K
}
Event: 1109.941 GC heap after
{Heap after GC invocations=220 (full 0):
 garbage-first heap   total 362496K, used 111574K [0x0000000080000000, 0x0000000100000000)
  region size 1024K, 2 young (2048K), 2 survivors (2048K)
 Metaspace       used 123881K, capacity 126872K, committed 126972K, reserved 1159168K
  class space    used 15289K, capacity 16467K, committed 16512K, reserved 1048576K
}
Event: 1110.080 GC heap before
{Heap before GC invocations=220 (full 0):
 garbage-first heap   total 362496K, used 126934K [0x0000000080000000, 0x0000000100000000)
  region size 1024K, 17 young (17408K), 2 survivors (2048K)
 Metaspace       used 123881K, capacity 126872K, committed 126972K, reserved 1159168K
  class space    used 15289K, capacity 16467K, committed 16512K, reserved 1048576K
}
Event: 1110.128 GC heap after
{Heap after GC invocations=221 (full 0):
 garbage-first heap   total 362496K, used 111650K [0x0000000080000000, 0x0000000100000000)
  region size 1024K, 2 young (2048K), 2 survivors (2048K)
 Metaspace       used 123881K, capacity 126872K, committed 126972K, reserved 1159168K
  class space    used 15289K, capacity 16467K, committed 16512K, reserved 1048576K
}
Event: 1110.401 GC heap before
{Heap before GC invocations=221 (full 0):
 garbage-first heap   total 362496K, used 127010K [0x0000000080000000, 0x0000000100000000)
  region size 1024K, 17 young (17408K), 2 survivors (2048K)
 Metaspace       used 123881K, capacity 126872K, committed 126972K, reserved 1159168K
  class space    used 15289K, capacity 16467K, committed 16512K, reserved 1048576K
}
Event: 1110.420 GC heap after
{Heap after GC invocations=222 (full 0):
 garbage-first heap   total 362496K, used 111773K [0x0000000080000000, 0x0000000100000000)
  region size 1024K, 2 young (2048K), 2 survivors (2048K)
 Metaspace       used 123881K, capacity 126872K, committed 126972K, reserved 1159168K
  class space    used 15289K, capacity 16467K, committed 16512K, reserved 1048576K
}
Event: 1110.624 GC heap before
{Heap before GC invocations=222 (full 0):
 garbage-first heap   total 362496K, used 126109K [0x0000000080000000, 0x0000000100000000)
  region size 1024K, 17 young (17408K), 2 survivors (2048K)
 Metaspace       used 123881K, capacity 126872K, committed 126972K, reserved 1159168K
  class space    used 15289K, capacity 16467K, committed 16512K, reserved 1048576K
}
Event: 1111.791 GC heap after
{Heap after GC invocations=223 (full 0):
 garbage-first heap   total 362496K, used 111942K [0x0000000080000000, 0x0000000100000000)
  region size 1024K, 1 young (1024K), 1 survivors (1024K)
 Metaspace       used 123881K, capacity 126872K, committed 126972K, reserved 1159168K
  class space    used 15289K, capacity 16467K, committed 16512K, reserved 1048576K
}
Event: 1112.139 GC heap before
{Heap before GC invocations=223 (full 0):
 garbage-first heap   total 362496K, used 127302K [0x0000000080000000, 0x0000000100000000)
  region size 1024K, 17 young (17408K), 1 survivors (1024K)
 Metaspace       used 123883K, capacity 126936K, committed 127228K, reserved 1161216K
  class space    used 15289K, capacity 16467K, committed 16512K, reserved 1048576K
}

Deoptimization events (20 events):
Event: 1104.094 Thread 0x000000189c43f000 DEOPT PACKING pc=0x0000001887e0a958 sp=0x000000189d7bb780
Event: 1104.094 Thread 0x000000189c43f000 DEOPT UNPACKING pc=0x000000188004a1af sp=0x000000189d7bb730 mode 2
Event: 1104.094 Thread 0x000000189c43f000 Uncommon trap: trap_request=0xffffff4d fr.pc=0x0000001888c58db4 relative=0x00000000000008d4
Event: 1104.094 Thread 0x000000189c43f000 Uncommon trap: reason=unstable_if action=reinterpret pc=0x0000001888c58db4 method=org.objectweb.asm.ByteVector.encodeUtf8(Ljava/lang/String;II)Lorg/objectweb/asm/ByteVector; @ 51 c2
Event: 1104.094 Thread 0x000000189c43f000 DEOPT PACKING pc=0x0000001888c58db4 sp=0x000000189d7bb6c0
Event: 1104.094 Thread 0x000000189c43f000 DEOPT UNPACKING pc=0x000000188004a1af sp=0x000000189d7bb678 mode 2
Event: 1104.094 Thread 0x000000189c43f000 Uncommon trap: trap_request=0xffffff4d fr.pc=0x0000001887fbe2b4 relative=0x00000000000007f4
Event: 1104.094 Thread 0x000000189c43f000 Uncommon trap: reason=unstable_if action=reinterpret pc=0x0000001887fbe2b4 method=org.objectweb.asm.ByteVector.encodeUtf8(Ljava/lang/String;II)Lorg/objectweb/asm/ByteVector; @ 208 c2
Event: 1104.094 Thread 0x000000189c43f000 DEOPT PACKING pc=0x0000001887fbe2b4 sp=0x000000189d7bb6d0
Event: 1104.112 Thread 0x000000189c43f000 DEOPT UNPACKING pc=0x000000188004a1af sp=0x000000189d7bb678 mode 2
Event: 1104.161 Thread 0x000000189c43f000 DEOPT PACKING pc=0x00000018835d0719 sp=0x000000189d7bb7b0
Event: 1104.161 Thread 0x000000189c43f000 DEOPT UNPACKING pc=0x000000188004a95e sp=0x000000189d7bacc0 mode 0
Event: 1104.852 Thread 0x000000189c43f000 Uncommon trap: trap_request=0xffffffdc fr.pc=0x0000001888c6be64 relative=0x0000000000000384
Event: 1104.852 Thread 0x000000189c43f000 Uncommon trap: reason=class_check action=make_not_entrant pc=0x0000001888c6be64 method=com.google.common.collect.Platform.copy([Ljava/lang/Object;II[Ljava/lang/Object;)[Ljava/lang/Object; @ 7 c2
Event: 1104.852 Thread 0x000000189c43f000 DEOPT PACKING pc=0x0000001888c6be64 sp=0x000000189d7bb980
Event: 1104.852 Thread 0x000000189c43f000 DEOPT UNPACKING pc=0x000000188004a1af sp=0x000000189d7bb8b0 mode 2
Event: 1107.952 Thread 0x000000189c43f000 DEOPT PACKING pc=0x00000018812532f5 sp=0x000000189d7bbcf0
Event: 1107.952 Thread 0x000000189c43f000 DEOPT UNPACKING pc=0x000000188004a95e sp=0x000000189d7bb2c0 mode 0
Event: 1108.122 Thread 0x000000189c43f000 DEOPT PACKING pc=0x0000001881253345 sp=0x000000189d7bbcf0
Event: 1108.122 Thread 0x000000189c43f000 DEOPT UNPACKING pc=0x000000188004a95e sp=0x000000189d7bb2c0 mode 0

Classes redefined (0 events):
No events

Internal exceptions (20 events):
Event: 304.773 Thread 0x0000001891169000 Exception <a 'sun/nio/fs/WindowsException'{0x0000000095aab788}> (0x0000000095aab788) thrown at [./src/hotspot/share/prims/jni.cpp, line 615]
Event: 304.797 Thread 0x0000001890777800 Exception <a 'sun/nio/fs/WindowsException'{0x000000009590ba28}> (0x000000009590ba28) thrown at [./src/hotspot/share/prims/jni.cpp, line 615]
Event: 307.298 Thread 0x0000001890778800 Exception <a 'sun/nio/fs/WindowsException'{0x00000000957e6920}> (0x00000000957e6920) thrown at [./src/hotspot/share/prims/jni.cpp, line 615]
Event: 307.455 Thread 0x0000001890778800 Exception <a 'sun/nio/fs/WindowsException'{0x0000000093ea2228}> (0x0000000093ea2228) thrown at [./src/hotspot/share/prims/jni.cpp, line 615]
Event: 313.210 Thread 0x0000001890775000 Exception <a 'sun/nio/fs/WindowsException'{0x0000000092c3f7a8}> (0x0000000092c3f7a8) thrown at [./src/hotspot/share/prims/jni.cpp, line 615]
Event: 315.090 Thread 0x0000001890775000 Exception <a 'java/lang/NoSuchMethodError'{0x0000000093754520}: 'void java.lang.invoke.DirectMethodHandle$Holder.invokeSpecialIFC(java.lang.Object, java.lang.Object, java.lang.Object, java.lang.Object)'> (0x0000000093754520) thrown at [./src/hotspot/share/interpreter/linkResolver.cpp, line 773]
Event: 315.417 Thread 0x0000001890775000 Implicit null exception at 0x0000001888841ecf to 0x00000018888454dc
Event: 322.450 Thread 0x0000001890775000 Implicit null exception at 0x00000018881c0395 to 0x00000018881c07f0
Event: 322.551 Thread 0x0000001890775000 Exception <a 'sun/nio/fs/WindowsException'{0x0000000092985c20}> (0x0000000092985c20) thrown at [./src/hotspot/share/prims/jni.cpp, line 615]
Event: 323.529 Thread 0x0000001890775000 Implicit null exception at 0x00000018881fc87c to 0x00000018881fca94
Event: 371.368 Thread 0x000000189cbdc800 Exception <a 'sun/nio/fs/WindowsException'{0x0000000091f675e8}> (0x0000000091f675e8) thrown at [./src/hotspot/share/prims/jni.cpp, line 615]
Event: 381.194 Thread 0x000000189cbdf800 Exception <a 'sun/nio/fs/WindowsException'{0x00000000946da0c8}> (0x00000000946da0c8) thrown at [./src/hotspot/share/prims/jni.cpp, line 615]
Event: 404.720 Thread 0x000000189c441800 Exception <a 'sun/nio/fs/WindowsException'{0x0000000095fcd848}> (0x0000000095fcd848) thrown at [./src/hotspot/share/prims/jni.cpp, line 615]
Event: 404.722 Thread 0x000000189c441800 Exception <a 'sun/nio/fs/WindowsException'{0x0000000095ff2de0}> (0x0000000095ff2de0) thrown at [./src/hotspot/share/prims/jni.cpp, line 615]
Event: 404.722 Thread 0x000000189c441800 Exception <a 'sun/nio/fs/WindowsException'{0x0000000095ff2ec8}> (0x0000000095ff2ec8) thrown at [./src/hotspot/share/prims/jni.cpp, line 615]
Event: 407.664 Thread 0x000000188fcef000 Implicit null exception at 0x0000001887d997ac to 0x0000001887d997de
Event: 415.075 Thread 0x000000188fcef000 Implicit null exception at 0x0000001887bf3b94 to 0x0000001887bf4118
Event: 415.335 Thread 0x000000188fcef000 Exception <a 'java/lang/NoSuchMethodError'{0x00000000915f6698}: <clinit>> (0x00000000915f6698) thrown at [./src/hotspot/share/prims/jni.cpp, line 1365]
Event: 415.338 Thread 0x000000188fcef000 Exception <a 'java/lang/NoSuchMethodError'{0x000000009141fa78}: <clinit>> (0x000000009141fa78) thrown at [./src/hotspot/share/prims/jni.cpp, line 1365]
Event: 415.338 Thread 0x000000188fcef000 Exception <a 'java/lang/NoSuchMethodError'{0x0000000091421ae8}: <clinit>> (0x0000000091421ae8) thrown at [./src/hotspot/share/prims/jni.cpp, line 1365]

Events (20 events):
Event: 1104.258 Executing VM operation: G1CollectForAllocation done
Event: 1104.667 Executing VM operation: G1CollectForAllocation
Event: 1104.691 Executing VM operation: G1CollectForAllocation done
Event: 1107.788 Executing VM operation: G1CollectForAllocation
Event: 1107.811 Executing VM operation: G1CollectForAllocation done
Event: 1107.993 Executing VM operation: G1CollectForAllocation
Event: 1108.107 Executing VM operation: G1CollectForAllocation done
Event: 1108.200 Executing VM operation: G1CollectForAllocation
Event: 1108.269 Executing VM operation: G1CollectForAllocation done
Event: 1108.659 Executing VM operation: G1CollectForAllocation
Event: 1109.465 Executing VM operation: G1CollectForAllocation done
Event: 1109.545 Executing VM operation: G1CollectForAllocation
Event: 1109.941 Executing VM operation: G1CollectForAllocation done
Event: 1110.010 Executing VM operation: G1CollectForAllocation
Event: 1110.128 Executing VM operation: G1CollectForAllocation done
Event: 1110.217 Executing VM operation: G1CollectForAllocation
Event: 1110.420 Executing VM operation: G1CollectForAllocation done
Event: 1110.571 Executing VM operation: G1CollectForAllocation
Event: 1111.792 Executing VM operation: G1CollectForAllocation done
Event: 1112.120 Executing VM operation: G1CollectForAllocation


Dynamic libraries:
0x00007ff6b78d0000 - 0x00007ff6b78da000 	F:\AndroidStudio\jre\bin\java.exe
0x00007ffcbb6e0000 - 0x00007ffcbb88d000 	C:\Windows\SYSTEM32\ntdll.dll
0x00007ffcbb5a0000 - 0x00007ffcbb6df000 	C:\Windows\system32\KERNEL32.DLL
0x00007ffcb88d0000 - 0x00007ffcb89e5000 	C:\Windows\system32\KERNELBASE.dll
0x00007ffcaa9f0000 - 0x00007ffcaaa09000 	F:\AndroidStudio\jre\bin\jli.dll
0x00007ffcaa8b0000 - 0x00007ffcaa8c7000 	F:\AndroidStudio\jre\bin\VCRUNTIME140.dll
0x00007ffcad560000 - 0x00007ffcad564000 	C:\Windows\SYSTEM32\api-ms-win-crt-stdio-l1-1-0.dll
0x00007ffcad540000 - 0x00007ffcad544000 	C:\Windows\SYSTEM32\api-ms-win-crt-runtime-l1-1-0.dll
0x00007ffcad4d0000 - 0x00007ffcad4d3000 	C:\Windows\SYSTEM32\api-ms-win-crt-environment-l1-1-0.dll
0x00007ffcad510000 - 0x00007ffcad515000 	C:\Windows\SYSTEM32\api-ms-win-crt-math-l1-1-0.dll
0x00007ffcad500000 - 0x00007ffcad503000 	C:\Windows\SYSTEM32\api-ms-win-crt-locale-l1-1-0.dll
0x00007ffcad570000 - 0x00007ffcad573000 	C:\Windows\SYSTEM32\api-ms-win-crt-heap-l1-1-0.dll
0x00007ffcb5ba0000 - 0x00007ffcb5e1b000 	C:\Windows\WinSxS\amd64_microsoft.windows.common-controls_6595b64144ccf1df_6.0.9600.19394_none_62486577ecb635cf\COMCTL32.dll
0x00007ffcba350000 - 0x00007ffcba4c7000 	C:\Windows\system32\USER32.dll
0x00007ffcad4f0000 - 0x00007ffcad4f3000 	C:\Windows\SYSTEM32\api-ms-win-crt-filesystem-l1-1-0.dll
0x00007ffcad530000 - 0x00007ffcad534000 	C:\Windows\SYSTEM32\api-ms-win-crt-string-l1-1-0.dll
0x00007ffcad550000 - 0x00007ffcad554000 	C:\Windows\SYSTEM32\api-ms-win-crt-convert-l1-1-0.dll
0x00007ffcb8d70000 - 0x00007ffcb8e1a000 	C:\Windows\system32\msvcrt.dll
0x00007ffcbb080000 - 0x00007ffcbb1ce000 	C:\Windows\system32\GDI32.dll
0x00007ffcad3c0000 - 0x00007ffcad4b4000 	C:\Windows\SYSTEM32\ucrtbase.DLL
0x00007ffcba530000 - 0x00007ffcba566000 	C:\Windows\system32\IMM32.DLL
0x00007ffcbaf20000 - 0x00007ffcbb071000 	C:\Windows\system32\MSCTF.dll
0x00007ffc7a1f0000 - 0x00007ffc7a28d000 	F:\AndroidStudio\jre\bin\msvcp140.dll
0x00007ffca8b90000 - 0x00007ffca8b95000 	C:\Windows\SYSTEM32\api-ms-win-crt-multibyte-l1-1-0.dll
0x00007ffcad520000 - 0x00007ffcad523000 	C:\Windows\SYSTEM32\api-ms-win-crt-time-l1-1-0.dll
0x00007ffcad4c0000 - 0x00007ffcad4c3000 	C:\Windows\SYSTEM32\api-ms-win-crt-utility-l1-1-0.dll
0x00007ffc9c160000 - 0x00007ffc9cc45000 	F:\AndroidStudio\jre\bin\server\jvm.dll
0x00007ffcba790000 - 0x00007ffcba83d000 	C:\Windows\system32\ADVAPI32.dll
0x00007ffca1e70000 - 0x00007ffca1e79000 	C:\Windows\SYSTEM32\WSOCK32.dll
0x00007ffcb26c0000 - 0x00007ffcb26e2000 	C:\Windows\SYSTEM32\WINMM.dll
0x00007ffcb5900000 - 0x00007ffcb590a000 	C:\Windows\SYSTEM32\VERSION.dll
0x00007ffcbabf0000 - 0x00007ffcbabf7000 	C:\Windows\system32\PSAPI.DLL
0x00007ffcbb390000 - 0x00007ffcbb3eb000 	C:\Windows\SYSTEM32\sechost.dll
0x00007ffcba960000 - 0x00007ffcbaa95000 	C:\Windows\system32\RPCRT4.dll
0x00007ffcba900000 - 0x00007ffcba95a000 	C:\Windows\system32\WS2_32.dll
0x00007ffcb25f0000 - 0x00007ffcb261a000 	C:\Windows\SYSTEM32\WINMMBASE.dll
0x00007ffcb88a0000 - 0x00007ffcb88ce000 	C:\Windows\system32\SspiCli.dll
0x00007ffcbb590000 - 0x00007ffcbb599000 	C:\Windows\system32\NSI.dll
0x00007ffcb8850000 - 0x00007ffcb889f000 	C:\Windows\SYSTEM32\cfgmgr32.dll
0x00007ffcb75d0000 - 0x00007ffcb75f8000 	C:\Windows\SYSTEM32\DEVOBJ.dll
0x00007ffc9b1b0000 - 0x00007ffc9b1c1000 	F:\AndroidStudio\jre\bin\verify.dll
0x00007ffc9aed0000 - 0x00007ffc9b05a000 	C:\Windows\SYSTEM32\DBGHELP.DLL
0x00007ffc8d810000 - 0x00007ffc8d839000 	F:\AndroidStudio\jre\bin\java.dll
0x00007ffca1ab0000 - 0x00007ffca1abb000 	F:\AndroidStudio\jre\bin\jimage.dll
0x00007ffc8d6c0000 - 0x00007ffc8d6d8000 	F:\AndroidStudio\jre\bin\zip.dll
0x00007ffcb8e20000 - 0x00007ffcba34c000 	C:\Windows\system32\SHELL32.dll
0x00007ffcba570000 - 0x00007ffcba782000 	C:\Windows\SYSTEM32\combase.dll
0x00007ffcba4d0000 - 0x00007ffcba524000 	C:\Windows\system32\SHLWAPI.dll
0x00007ffcb6390000 - 0x00007ffcb6442000 	C:\Windows\SYSTEM32\SHCORE.dll
0x00007ffcb8780000 - 0x00007ffcb8795000 	C:\Windows\SYSTEM32\profapi.dll
0x00007ffca1b70000 - 0x00007ffca1b8a000 	F:\AndroidStudio\jre\bin\net.dll
0x00007ffcadbf0000 - 0x00007ffcadcb9000 	C:\Windows\SYSTEM32\WINHTTP.dll
0x00007ffcb7fc0000 - 0x00007ffcb8019000 	C:\Windows\system32\mswsock.dll
0x00007ffca1b10000 - 0x00007ffca1b24000 	F:\AndroidStudio\jre\bin\nio.dll
0x00007ffcaa5a0000 - 0x00007ffcaa5c7000 	C:\Users\Mikhail\.gradle\native\e1d6ef7f7dcc3fd88c89a11ec53ec762bb8ba0a96d01ffa2cd45eb1d1d8dd5c5\windows-amd64\native-platform.dll
0x00007ffcb1fa0000 - 0x00007ffcb1faa000 	F:\AndroidStudio\jre\bin\management.dll
0x00007ffcb1f90000 - 0x00007ffcb1f9d000 	F:\AndroidStudio\jre\bin\management_ext.dll
0x00007ffcb8020000 - 0x00007ffcb8040000 	C:\Windows\SYSTEM32\CRYPTSP.dll
0x00007ffcb7c40000 - 0x00007ffcb7c76000 	C:\Windows\system32\rsaenh.dll
0x00007ffcb8260000 - 0x00007ffcb8286000 	C:\Windows\SYSTEM32\bcrypt.dll
0x00007ffcb7d50000 - 0x00007ffcb7d71000 	C:\Windows\SYSTEM32\USERENV.dll
0x00007ffcb8580000 - 0x00007ffcb85e3000 	C:\Windows\system32\bcryptprimitives.dll
0x00007ffcb85f0000 - 0x00007ffcb85fb000 	C:\Windows\SYSTEM32\CRYPTBASE.dll
0x00007ffcb2f70000 - 0x00007ffcb2f9a000 	C:\Windows\SYSTEM32\IPHLPAPI.DLL
0x00007ffcb2f60000 - 0x00007ffcb2f6a000 	C:\Windows\SYSTEM32\WINNSI.DLL
0x00007ffcb2620000 - 0x00007ffcb2636000 	C:\Windows\SYSTEM32\dhcpcsvc6.DLL
0x00007ffcb2580000 - 0x00007ffcb259a000 	C:\Windows\SYSTEM32\dhcpcsvc.DLL
0x00007ffcb1310000 - 0x00007ffcb1342000 	C:\Windows\SYSTEM32\ntmarta.dll
0x00007ffcaab20000 - 0x00007ffcaab3e000 	C:\Users\Mikhail\AppData\Local\Temp\native-platform5818129352415314307dir\native-platform.dll

dbghelp: loaded successfully - version: 4.0.5 - missing functions: none
symbol engine: initialized successfully - sym options: 0x614 - pdb path: .;F:\AndroidStudio\jre\bin;C:\Windows\SYSTEM32;C:\Windows\WinSxS\amd64_microsoft.windows.common-controls_6595b64144ccf1df_6.0.9600.19394_none_62486577ecb635cf;F:\AndroidStudio\jre\bin\server;C:\Users\Mikhail\.gradle\native\e1d6ef7f7dcc3fd88c89a11ec53ec762bb8ba0a96d01ffa2cd45eb1d1d8dd5c5\windows-amd64;C:\Users\Mikhail\AppData\Local\Temp\native-platform5818129352415314307dir

VM Arguments:
jvm_args: --add-opens=java.base/java.util=ALL-UNNAMED --add-opens=java.base/java.lang=ALL-UNNAMED --add-opens=java.base/java.lang.invoke=ALL-UNNAMED --add-opens=java.base/java.util=ALL-UNNAMED --add-opens=java.prefs/java.util.prefs=ALL-UNNAMED --add-opens=java.prefs/java.util.prefs=ALL-UNNAMED --add-opens=java.base/java.nio.charset=ALL-UNNAMED --add-opens=java.base/java.net=ALL-UNNAMED --add-opens=java.base/java.util.concurrent.atomic=ALL-UNNAMED -Xmx2048m -Dfile.encoding=UTF-8 -Duser.country=RU -Duser.language=ru -Duser.variant 
java_command: org.gradle.launcher.daemon.bootstrap.GradleDaemon 7.3.3
java_class_path (initial): C:\Users\Mikhail\.gradle\wrapper\dists\gradle-7.3.3-bin\6a41zxkdtcxs8rphpq6y0069z\gradle-7.3.3\lib\gradle-launcher-7.3.3.jar
Launcher Type: SUN_STANDARD

[Global flags]
     intx CICompilerCount                          = 3                                         {product} {ergonomic}
     uint ConcGCThreads                            = 1                                         {product} {ergonomic}
     uint G1ConcRefinementThreads                  = 4                                         {product} {ergonomic}
   size_t G1HeapRegionSize                         = 1048576                                   {product} {ergonomic}
    uintx GCDrainStackTargetSize                   = 64                                        {product} {ergonomic}
   size_t InitialHeapSize                          = 67108864                                  {product} {ergonomic}
   size_t MarkStackSize                            = 4194304                                   {product} {ergonomic}
   size_t MaxHeapSize                              = 2147483648                                {product} {command line}
   size_t MaxNewSize                               = 1287651328                                {product} {ergonomic}
   size_t MinHeapDeltaBytes                        = 1048576                                   {product} {ergonomic}
    uintx NonNMethodCodeHeapSize                   = 5830732                                {pd product} {ergonomic}
    uintx NonProfiledCodeHeapSize                  = 122913754                              {pd product} {ergonomic}
    uintx ProfiledCodeHeapSize                     = 122913754                              {pd product} {ergonomic}
    uintx ReservedCodeCacheSize                    = 251658240                              {pd product} {ergonomic}
     bool SegmentedCodeCache                       = true                                      {product} {ergonomic}
     bool UseCompressedClassPointers               = true                                 {lp64_product} {ergonomic}
     bool UseCompressedOops                        = true                                 {lp64_product} {ergonomic}
     bool UseG1GC                                  = true                                      {product} {ergonomic}
     bool UseLargePagesIndividualAllocation        = false                                  {pd product} {ergonomic}

Logging:
Log output configuration:
 #0: stdout all=warning uptime,level,tags
 #1: stderr all=off uptime,level,tags

Environment Variables:
PATH=C:\Program Files\Common Files\Oracle\Java\javapath;C:\Program Files (x86)\Common Files\Intel\Shared Libraries\redist\intel64\compiler;C:\Program Files (x86)\Intel\iCLS Client\;C:\Program Files\Intel\iCLS Client\;C:\Windows\system32;C:\Windows;C:\Windows\System32\Wbem;C:\Windows\System32\WindowsPowerShell\v1.0\;C:\Program Files (x86)\ATI Technologies\ATI.ACE\Core-Static;C:\Program Files\Lenovo\Bluetooth Software\;C:\Program Files\Lenovo\Bluetooth Software\syswow64;C:\Program Files\Intel\Intel(R) Management Engine Components\DAL;C:\Program Files\Intel\Intel(R) Management Engine Components\IPT;C:\Program Files (x86)\Intel\Intel(R) Management Engine Components\DAL;C:\Program Files (x86)\Intel\Intel(R) Management Engine Components\IPT;C:\Program Files\Microsoft SQL Server\130\Tools\Binn\;C:\Program Files\Microsoft SQL Server\150\Tools\Binn\;C:\Program Files\Microsoft SQL Server\Client SDK\ODBC\170\Tools\Binn\;C:\Program Files\Git\cmd;C:\PHP;C:\Program Files\dotnet\;C:\Program Files\nodejs\;C:\Users\Mikhail\AppData\Local\Programs\Python\Python39\Scripts\;F:\heroku\bin;C:\Users\Mikhail\.dotnet\tools;F:\Microsoft VS Code\bin;C:\Users\Mikhail\AppData\Roaming\npm
USERNAME=Mikhail
OS=Windows_NT
PROCESSOR_IDENTIFIER=Intel64 Family 6 Model 58 Stepping 9, GenuineIntel



---------------  S Y S T E M  ---------------

OS: Windows 8.1 , 64 bit Build 9600 (6.3.9600.20389)
OS uptime: 0 days 6:09 hours

CPU:total 4 (initial active 4) (2 cores per cpu, 2 threads per core) family 6 model 58 stepping 9 microcode 0x1b, cmov, cx8, fxsr, mmx, sse, sse2, sse3, ssse3, sse4.1, sse4.2, popcnt, avx, clmul, erms, ht, tsc, tscinvbit, tscinv

Memory: 4k page, system-wide physical 3996M (681M free)
TotalPageFile size 6044M (AvailPageFile size 609M)
current process WorkingSet (physical memory assigned to process): 256M, peak: 726M
current process commit charge ("private bytes"): 764M, peak: 1442M

vm_info: OpenJDK 64-Bit Server VM (11.0.12+7-b1504.28-7817840) for windows-amd64 JRE (11.0.12+7-b1504.28-7817840), built on Oct 13 2021 22:12:33 by "builder" with MS VC++ 14.0 (VS2015)

END.
